#
# There is insufficient memory for the Java Runtime Environment to continue.
# Native memory allocation (malloc) failed to allocate 1495696 bytes. Error detail: Chunk::new
# Possible reasons:
#   The system is out of physical RAM or swap space
#   This process is running with CompressedOops enabled, and the Java Heap may be blocking the growth of the native heap
# Possible solutions:
#   Reduce memory load on the system
#   Increase physical memory or swap space
#   Check if swap backing store is full
#   Decrease Java heap size (-Xmx/-Xms)
#   Decrease number of Java threads
#   Decrease Java thread stack sizes (-Xss)
#   Set larger code cache with -XX:ReservedCodeCacheSize=
#   JVM is running with Unscaled Compressed Oops mode in which the Java heap is
#     placed in the first 4GB address space. The Java Heap base address is the
#     maximum limit for the native heap growth. Please use -XX:HeapBaseMinAddress
#     to set the Java Heap base and to place the Java Heap above 4GB virtual address.
# This output file may be truncated or incomplete.
#
#  Out of Memory Error (arena.cpp:191), pid=7632, tid=7128
#
# JRE version: OpenJDK Runtime Environment (17.0.11) (build 17.0.11+0--11852314)
# Java VM: OpenJDK 64-Bit Server VM (17.0.11+0--11852314, mixed mode, tiered, compressed oops, compressed class ptrs, g1 gc, windows-amd64)
# No core dump will be written. Minidumps are not enabled by default on client versions of Windows
#

---------------  S U M M A R Y ------------

Command Line: org.jetbrains.kotlin.cli.jvm.K2JVMCompiler @C:\Users\Administrator\AndroidStudioProjects\osis\app\build\20241006_5684175579492328844.compiler.options

Host: Intel(R) Core(TM) i5-7200U CPU @ 2.50GHz, 4 cores, 7G,  Windows 10 , 64 bit Build 19041 (10.0.19041.4842)
Time: Sun Oct  6 21:17:14 2024 SE Asia Standard Time elapsed time: 11.980262 seconds (0d 0h 0m 11s)

---------------  T H R E A D  ---------------

Current thread (0x0000020be66e0330):  JavaThread "C2 CompilerThread1" daemon [_thread_in_native, id=7128, stack(0x000000dbcf700000,0x000000dbcf800000)]


Current CompileTask:
C2:  11980 10035       4       org.jetbrains.kotlin.ir.util.TypeTranslator::translateType (625 bytes)

Stack: [0x000000dbcf700000,0x000000dbcf800000]
Native frames: (J=compiled Java code, j=interpreted, Vv=VM code, C=native code)
V  [jvm.dll+0x687bb9]
V  [jvm.dll+0x84142a]
V  [jvm.dll+0x8430ae]
V  [jvm.dll+0x843713]
V  [jvm.dll+0x24a35f]
V  [jvm.dll+0xac544]
V  [jvm.dll+0xacb8c]
V  [jvm.dll+0x369be2]
V  [jvm.dll+0x33416a]
V  [jvm.dll+0x33360a]
V  [jvm.dll+0x21bed1]
V  [jvm.dll+0x21b311]
V  [jvm.dll+0x1a63ed]
V  [jvm.dll+0x22b1ee]
V  [jvm.dll+0x229375]
V  [jvm.dll+0x7f5647]
V  [jvm.dll+0x7efa4a]
V  [jvm.dll+0x686a35]
C  [ucrtbase.dll+0x21bb2]
C  [KERNEL32.DLL+0x17374]
C  [ntdll.dll+0x4cc91]


---------------  P R O C E S S  ---------------

Threads class SMR info:
_java_thread_list=0x0000020be66a0de0, length=13, elements={
0x0000020bc715cc20, 0x0000020be07f3620, 0x0000020be066ecf0, 0x0000020be06a1cf0,
0x0000020be06a3cc0, 0x0000020be06a4680, 0x0000020be06a5040, 0x0000020be0814a00,
0x0000020be0815b20, 0x0000020be0816c10, 0x0000020be09a97b0, 0x0000020be09bd8b0,
0x0000020be66e0330
}

Java Threads: ( => current thread )
  0x0000020bc715cc20 JavaThread "main" [_thread_in_Java, id=6536, stack(0x000000dbce400000,0x000000dbce500000)]
  0x0000020be07f3620 JavaThread "Reference Handler" daemon [_thread_blocked, id=9784, stack(0x000000dbceb00000,0x000000dbcec00000)]
  0x0000020be066ecf0 JavaThread "Finalizer" daemon [_thread_blocked, id=2936, stack(0x000000dbcec00000,0x000000dbced00000)]
  0x0000020be06a1cf0 JavaThread "Signal Dispatcher" daemon [_thread_blocked, id=5088, stack(0x000000dbced00000,0x000000dbcee00000)]
  0x0000020be06a3cc0 JavaThread "Attach Listener" daemon [_thread_blocked, id=1692, stack(0x000000dbcee00000,0x000000dbcef00000)]
  0x0000020be06a4680 JavaThread "Service Thread" daemon [_thread_blocked, id=6360, stack(0x000000dbcef00000,0x000000dbcf000000)]
  0x0000020be06a5040 JavaThread "Monitor Deflation Thread" daemon [_thread_blocked, id=10096, stack(0x000000dbcf000000,0x000000dbcf100000)]
  0x0000020be0814a00 JavaThread "C2 CompilerThread0" daemon [_thread_in_native, id=9924, stack(0x000000dbcf100000,0x000000dbcf200000)]
  0x0000020be0815b20 JavaThread "C1 CompilerThread0" daemon [_thread_blocked, id=4792, stack(0x000000dbcf200000,0x000000dbcf300000)]
  0x0000020be0816c10 JavaThread "Sweeper thread" daemon [_thread_blocked, id=8832, stack(0x000000dbcf300000,0x000000dbcf400000)]
  0x0000020be09a97b0 JavaThread "Notification Thread" daemon [_thread_blocked, id=5572, stack(0x000000dbcf400000,0x000000dbcf500000)]
  0x0000020be09bd8b0 JavaThread "Common-Cleaner" daemon [_thread_blocked, id=8512, stack(0x000000dbcf600000,0x000000dbcf700000)]
=>0x0000020be66e0330 JavaThread "C2 CompilerThread1" daemon [_thread_in_native, id=7128, stack(0x000000dbcf700000,0x000000dbcf800000)]

Other Threads:
  0x0000020be0689010 VMThread "VM Thread" [stack: 0x000000dbcea00000,0x000000dbceb00000] [id=1264]
  0x0000020be09aa0a0 WatcherThread [stack: 0x000000dbcf500000,0x000000dbcf600000] [id=8820]
  0x0000020bc71b63a0 GCTaskThread "GC Thread#0" [stack: 0x000000dbce500000,0x000000dbce600000] [id=8460]
  0x0000020be51adb20 GCTaskThread "GC Thread#1" [stack: 0x000000dbcf800000,0x000000dbcf900000] [id=5392]
  0x0000020be51ce010 GCTaskThread "GC Thread#2" [stack: 0x000000dbcf900000,0x000000dbcfa00000] [id=6388]
  0x0000020be51d1650 GCTaskThread "GC Thread#3" [stack: 0x000000dbcfa00000,0x000000dbcfb00000] [id=10032]
  0x0000020bc71c8400 ConcurrentGCThread "G1 Main Marker" [stack: 0x000000dbce600000,0x000000dbce700000] [id=1660]
  0x0000020bc71c95c0 ConcurrentGCThread "G1 Conc#0" [stack: 0x000000dbce700000,0x000000dbce800000] [id=8824]
  0x0000020be04d24b0 ConcurrentGCThread "G1 Refine#0" [stack: 0x000000dbce800000,0x000000dbce900000] [id=3104]
  0x0000020be656ea60 ConcurrentGCThread "G1 Refine#1" [stack: 0x000000dbcfb00000,0x000000dbcfc00000] [id=5556]
  0x0000020be633d020 ConcurrentGCThread "G1 Refine#2" [stack: 0x000000dbcfc00000,0x000000dbcfd00000] [id=7556]
  0x0000020bc721d8f0 ConcurrentGCThread "G1 Service" [stack: 0x000000dbce900000,0x000000dbcea00000] [id=8860]

Threads with active compile tasks:
C2 CompilerThread0    12009 10127       4       org.jetbrains.kotlin.ir.util.SymbolTable::enterScope (66 bytes)
C2 CompilerThread1    12009 10035       4       org.jetbrains.kotlin.ir.util.TypeTranslator::translateType (625 bytes)

VM state: not at safepoint (normal execution)

VM Mutex/Monitor currently owned by a thread: None

Heap address: 0x0000000081800000, size: 2024 MB, Compressed Oops mode: 32-bit

CDS archive(s) not mapped
Compressed class space mapped at: 0x0000000100000000-0x0000000140000000, reserved size: 1073741824
Narrow klass base: 0x0000000000000000, Narrow klass shift: 3, Narrow klass range: 0x140000000

GC Precious Log:
 CPUs: 4 total, 4 available
 Memory: 8088M
 Large Page Support: Disabled
 NUMA Support: Disabled
 Compressed Oops: Enabled (32-bit)
 Heap Region Size: 1M
 Heap Min Capacity: 8M
 Heap Initial Capacity: 128M
 Heap Max Capacity: 2024M
 Pre-touch: Disabled
 Parallel Workers: 4
 Concurrent Workers: 1
 Concurrent Refinement Workers: 4
 Periodic GC: Disabled

Heap:
 garbage-first heap   total 160768K, used 103604K [0x0000000081800000, 0x0000000100000000)
  region size 1024K, 54 young (55296K), 8 survivors (8192K)
 Metaspace       used 76416K, committed 76672K, reserved 1179648K
  class space    used 8759K, committed 8832K, reserved 1048576K

Heap Regions: E=young(eden), S=young(survivor), O=old, HS=humongous(starts), HC=humongous(continues), CS=collection set, F=free, OA=open archive, CA=closed archive, TAMS=top-at-mark-start (previous, next)
|   0|0x0000000081800000, 0x0000000081900000, 0x0000000081900000|100%|HS|  |TAMS 0x0000000081900000, 0x0000000081800000| Complete 
|   1|0x0000000081900000, 0x0000000081a00000, 0x0000000081a00000|100%|HC|  |TAMS 0x0000000081a00000, 0x0000000081900000| Complete 
|   2|0x0000000081a00000, 0x0000000081b00000, 0x0000000081b00000|100%|HC|  |TAMS 0x0000000081b00000, 0x0000000081a00000| Complete 
|   3|0x0000000081b00000, 0x0000000081c00000, 0x0000000081c00000|100%|HC|  |TAMS 0x0000000081c00000, 0x0000000081b00000| Complete 
|   4|0x0000000081c00000, 0x0000000081d00000, 0x0000000081d00000|100%| O|  |TAMS 0x0000000081d00000, 0x0000000081c00000| Untracked 
|   5|0x0000000081d00000, 0x0000000081def400, 0x0000000081e00000| 93%| O|  |TAMS 0x0000000081def400, 0x0000000081d00000| Untracked 
|   6|0x0000000081e00000, 0x0000000081f00000, 0x0000000081f00000|100%| O|  |TAMS 0x0000000081f00000, 0x0000000081e00000| Untracked 
|   7|0x0000000081f00000, 0x0000000082000000, 0x0000000082000000|100%| O|  |TAMS 0x0000000082000000, 0x0000000081f00000| Untracked 
|   8|0x0000000082000000, 0x0000000082100000, 0x0000000082100000|100%| O|  |TAMS 0x0000000082100000, 0x0000000082000000| Untracked 
|   9|0x0000000082100000, 0x0000000082200000, 0x0000000082200000|100%| O|  |TAMS 0x0000000082200000, 0x0000000082100000| Untracked 
|  10|0x0000000082200000, 0x0000000082300000, 0x0000000082300000|100%| O|  |TAMS 0x0000000082300000, 0x0000000082200000| Untracked 
|  11|0x0000000082300000, 0x0000000082400000, 0x0000000082400000|100%| O|  |TAMS 0x0000000082400000, 0x0000000082300000| Untracked 
|  12|0x0000000082400000, 0x0000000082500000, 0x0000000082500000|100%| O|  |TAMS 0x0000000082500000, 0x0000000082400000| Untracked 
|  13|0x0000000082500000, 0x0000000082600000, 0x0000000082600000|100%| O|  |TAMS 0x0000000082600000, 0x0000000082500000| Untracked 
|  14|0x0000000082600000, 0x0000000082700000, 0x0000000082700000|100%| O|  |TAMS 0x0000000082700000, 0x0000000082600000| Untracked 
|  15|0x0000000082700000, 0x0000000082800000, 0x0000000082800000|100%| O|  |TAMS 0x0000000082800000, 0x0000000082700000| Untracked 
|  16|0x0000000082800000, 0x0000000082900000, 0x0000000082900000|100%| O|  |TAMS 0x0000000082900000, 0x0000000082800000| Untracked 
|  17|0x0000000082900000, 0x0000000082a00000, 0x0000000082a00000|100%| O|  |TAMS 0x0000000082a00000, 0x0000000082900000| Untracked 
|  18|0x0000000082a00000, 0x0000000082b00000, 0x0000000082b00000|100%| O|  |TAMS 0x0000000082b00000, 0x0000000082a00000| Untracked 
|  19|0x0000000082b00000, 0x0000000082c00000, 0x0000000082c00000|100%| O|  |TAMS 0x0000000082c00000, 0x0000000082b00000| Untracked 
|  20|0x0000000082c00000, 0x0000000082d00000, 0x0000000082d00000|100%|HS|  |TAMS 0x0000000082d00000, 0x0000000082c00000| Complete 
|  21|0x0000000082d00000, 0x0000000082e00000, 0x0000000082e00000|100%|HC|  |TAMS 0x0000000082e00000, 0x0000000082d00000| Complete 
|  22|0x0000000082e00000, 0x0000000082f00000, 0x0000000082f00000|100%| O|  |TAMS 0x0000000082f00000, 0x0000000082e00000| Untracked 
|  23|0x0000000082f00000, 0x0000000083000000, 0x0000000083000000|100%| O|  |TAMS 0x0000000083000000, 0x0000000082f00000| Untracked 
|  24|0x0000000083000000, 0x0000000083100000, 0x0000000083100000|100%| O|  |TAMS 0x0000000083100000, 0x0000000083000000| Untracked 
|  25|0x0000000083100000, 0x0000000083100000, 0x0000000083200000|  0%| F|  |TAMS 0x0000000083100000, 0x0000000083100000| Untracked 
|  26|0x0000000083200000, 0x0000000083300000, 0x0000000083300000|100%| O|  |TAMS 0x0000000083300000, 0x0000000083200000| Untracked 
|  27|0x0000000083300000, 0x0000000083400000, 0x0000000083400000|100%| O|  |TAMS 0x0000000083400000, 0x0000000083300000| Untracked 
|  28|0x0000000083400000, 0x0000000083500000, 0x0000000083500000|100%| O|  |TAMS 0x0000000083500000, 0x0000000083400000| Untracked 
|  29|0x0000000083500000, 0x0000000083600000, 0x0000000083600000|100%| O|  |TAMS 0x0000000083600000, 0x0000000083500000| Untracked 
|  30|0x0000000083600000, 0x0000000083700000, 0x0000000083700000|100%| O|  |TAMS 0x0000000083700000, 0x0000000083600000| Untracked 
|  31|0x0000000083700000, 0x0000000083800000, 0x0000000083800000|100%| O|  |TAMS 0x0000000083800000, 0x0000000083700000| Untracked 
|  32|0x0000000083800000, 0x0000000083900000, 0x0000000083900000|100%| O|  |TAMS 0x0000000083817200, 0x0000000083800000| Untracked 
|  33|0x0000000083900000, 0x0000000083a00000, 0x0000000083a00000|100%| O|  |TAMS 0x0000000083900000, 0x0000000083900000| Untracked 
|  34|0x0000000083a00000, 0x0000000083b00000, 0x0000000083b00000|100%| O|  |TAMS 0x0000000083a00000, 0x0000000083a00000| Untracked 
|  35|0x0000000083b00000, 0x0000000083c00000, 0x0000000083c00000|100%| O|  |TAMS 0x0000000083b00000, 0x0000000083b00000| Untracked 
|  36|0x0000000083c00000, 0x0000000083d00000, 0x0000000083d00000|100%| O|  |TAMS 0x0000000083c00000, 0x0000000083c00000| Untracked 
|  37|0x0000000083d00000, 0x0000000083e00000, 0x0000000083e00000|100%| O|  |TAMS 0x0000000083d00000, 0x0000000083d00000| Untracked 
|  38|0x0000000083e00000, 0x0000000083f00000, 0x0000000083f00000|100%| O|  |TAMS 0x0000000083e00000, 0x0000000083e00000| Untracked 
|  39|0x0000000083f00000, 0x0000000084000000, 0x0000000084000000|100%| O|  |TAMS 0x0000000083f00000, 0x0000000083f00000| Untracked 
|  40|0x0000000084000000, 0x0000000084100000, 0x0000000084100000|100%| O|  |TAMS 0x0000000084000000, 0x0000000084000000| Untracked 
|  41|0x0000000084100000, 0x0000000084200000, 0x0000000084200000|100%| O|  |TAMS 0x0000000084100000, 0x0000000084100000| Untracked 
|  42|0x0000000084200000, 0x0000000084300000, 0x0000000084300000|100%| O|  |TAMS 0x0000000084200000, 0x0000000084200000| Untracked 
|  43|0x0000000084300000, 0x0000000084400000, 0x0000000084400000|100%| O|  |TAMS 0x0000000084300000, 0x0000000084300000| Untracked 
|  44|0x0000000084400000, 0x0000000084500000, 0x0000000084500000|100%| O|  |TAMS 0x0000000084400000, 0x0000000084400000| Untracked 
|  45|0x0000000084500000, 0x0000000084600000, 0x0000000084600000|100%| O|  |TAMS 0x0000000084500000, 0x0000000084500000| Untracked 
|  46|0x0000000084600000, 0x0000000084700000, 0x0000000084700000|100%| O|  |TAMS 0x0000000084600000, 0x0000000084600000| Untracked 
|  47|0x0000000084700000, 0x0000000084800000, 0x0000000084800000|100%| O|  |TAMS 0x0000000084700000, 0x0000000084700000| Untracked 
|  48|0x0000000084800000, 0x000000008488e800, 0x0000000084900000| 55%| O|  |TAMS 0x0000000084800000, 0x0000000084800000| Untracked 
|  49|0x0000000084900000, 0x0000000084900000, 0x0000000084a00000|  0%| F|  |TAMS 0x0000000084900000, 0x0000000084900000| Untracked 
|  50|0x0000000084a00000, 0x0000000084a00000, 0x0000000084b00000|  0%| F|  |TAMS 0x0000000084a00000, 0x0000000084a00000| Untracked 
|  51|0x0000000084b00000, 0x0000000084b00000, 0x0000000084c00000|  0%| F|  |TAMS 0x0000000084b00000, 0x0000000084b00000| Untracked 
|  52|0x0000000084c00000, 0x0000000084c00000, 0x0000000084d00000|  0%| F|  |TAMS 0x0000000084c00000, 0x0000000084c00000| Untracked 
|  53|0x0000000084d00000, 0x0000000084d00000, 0x0000000084e00000|  0%| F|  |TAMS 0x0000000084d00000, 0x0000000084d00000| Untracked 
|  54|0x0000000084e00000, 0x0000000084e00000, 0x0000000084f00000|  0%| F|  |TAMS 0x0000000084e00000, 0x0000000084e00000| Untracked 
|  55|0x0000000084f00000, 0x0000000084f00000, 0x0000000085000000|  0%| F|  |TAMS 0x0000000084f00000, 0x0000000084f00000| Untracked 
|  56|0x0000000085000000, 0x0000000085000000, 0x0000000085100000|  0%| F|  |TAMS 0x0000000085000000, 0x0000000085000000| Untracked 
|  57|0x0000000085100000, 0x0000000085100000, 0x0000000085200000|  0%| F|  |TAMS 0x0000000085100000, 0x0000000085100000| Untracked 
|  58|0x0000000085200000, 0x0000000085200000, 0x0000000085300000|  0%| F|  |TAMS 0x0000000085200000, 0x0000000085200000| Untracked 
|  59|0x0000000085300000, 0x0000000085300000, 0x0000000085400000|  0%| F|  |TAMS 0x0000000085300000, 0x0000000085300000| Untracked 
|  60|0x0000000085400000, 0x0000000085400000, 0x0000000085500000|  0%| F|  |TAMS 0x0000000085400000, 0x0000000085400000| Untracked 
|  61|0x0000000085500000, 0x0000000085500000, 0x0000000085600000|  0%| F|  |TAMS 0x0000000085500000, 0x0000000085500000| Untracked 
|  62|0x0000000085600000, 0x0000000085600000, 0x0000000085700000|  0%| F|  |TAMS 0x0000000085600000, 0x0000000085600000| Untracked 
|  63|0x0000000085700000, 0x0000000085700000, 0x0000000085800000|  0%| F|  |TAMS 0x0000000085700000, 0x0000000085700000| Untracked 
|  64|0x0000000085800000, 0x0000000085800000, 0x0000000085900000|  0%| F|  |TAMS 0x0000000085800000, 0x0000000085800000| Untracked 
|  65|0x0000000085900000, 0x0000000085900000, 0x0000000085a00000|  0%| F|  |TAMS 0x0000000085900000, 0x0000000085900000| Untracked 
|  66|0x0000000085a00000, 0x0000000085a00000, 0x0000000085b00000|  0%| F|  |TAMS 0x0000000085a00000, 0x0000000085a00000| Untracked 
|  67|0x0000000085b00000, 0x0000000085b00000, 0x0000000085c00000|  0%| F|  |TAMS 0x0000000085b00000, 0x0000000085b00000| Untracked 
|  68|0x0000000085c00000, 0x0000000085c00000, 0x0000000085d00000|  0%| F|  |TAMS 0x0000000085c00000, 0x0000000085c00000| Untracked 
|  69|0x0000000085d00000, 0x0000000085d00000, 0x0000000085e00000|  0%| F|  |TAMS 0x0000000085d00000, 0x0000000085d00000| Untracked 
|  70|0x0000000085e00000, 0x0000000085e00000, 0x0000000085f00000|  0%| F|  |TAMS 0x0000000085e00000, 0x0000000085e00000| Untracked 
|  71|0x0000000085f00000, 0x0000000085f00000, 0x0000000086000000|  0%| F|  |TAMS 0x0000000085f00000, 0x0000000085f00000| Untracked 
|  72|0x0000000086000000, 0x0000000086000000, 0x0000000086100000|  0%| F|  |TAMS 0x0000000086000000, 0x0000000086000000| Untracked 
|  73|0x0000000086100000, 0x0000000086100000, 0x0000000086200000|  0%| F|  |TAMS 0x0000000086100000, 0x0000000086100000| Untracked 
|  74|0x0000000086200000, 0x0000000086200000, 0x0000000086300000|  0%| F|  |TAMS 0x0000000086200000, 0x0000000086200000| Untracked 
|  75|0x0000000086300000, 0x0000000086300000, 0x0000000086400000|  0%| F|  |TAMS 0x0000000086300000, 0x0000000086300000| Untracked 
|  76|0x0000000086400000, 0x0000000086400000, 0x0000000086500000|  0%| F|  |TAMS 0x0000000086400000, 0x0000000086400000| Untracked 
|  77|0x0000000086500000, 0x0000000086500000, 0x0000000086600000|  0%| F|  |TAMS 0x0000000086500000, 0x0000000086500000| Untracked 
|  78|0x0000000086600000, 0x0000000086600000, 0x0000000086700000|  0%| F|  |TAMS 0x0000000086600000, 0x0000000086600000| Untracked 
|  79|0x0000000086700000, 0x0000000086700000, 0x0000000086800000|  0%| F|  |TAMS 0x0000000086700000, 0x0000000086700000| Untracked 
|  80|0x0000000086800000, 0x0000000086800000, 0x0000000086900000|  0%| F|  |TAMS 0x0000000086800000, 0x0000000086800000| Untracked 
|  81|0x0000000086900000, 0x0000000086900000, 0x0000000086a00000|  0%| F|  |TAMS 0x0000000086900000, 0x0000000086900000| Untracked 
|  82|0x0000000086a00000, 0x0000000086a00000, 0x0000000086b00000|  0%| F|  |TAMS 0x0000000086a00000, 0x0000000086a00000| Untracked 
|  83|0x0000000086b00000, 0x0000000086b00000, 0x0000000086c00000|  0%| F|  |TAMS 0x0000000086b00000, 0x0000000086b00000| Untracked 
|  84|0x0000000086c00000, 0x0000000086caf4d0, 0x0000000086d00000| 68%| S|CS|TAMS 0x0000000086c00000, 0x0000000086c00000| Complete 
|  85|0x0000000086d00000, 0x0000000086e00000, 0x0000000086e00000|100%| S|CS|TAMS 0x0000000086d00000, 0x0000000086d00000| Complete 
|  86|0x0000000086e00000, 0x0000000086f00000, 0x0000000086f00000|100%| S|CS|TAMS 0x0000000086e00000, 0x0000000086e00000| Complete 
|  87|0x0000000086f00000, 0x0000000087000000, 0x0000000087000000|100%| S|CS|TAMS 0x0000000086f00000, 0x0000000086f00000| Complete 
|  88|0x0000000087000000, 0x0000000087100000, 0x0000000087100000|100%| S|CS|TAMS 0x0000000087000000, 0x0000000087000000| Complete 
|  89|0x0000000087100000, 0x0000000087200000, 0x0000000087200000|100%| S|CS|TAMS 0x0000000087100000, 0x0000000087100000| Complete 
|  90|0x0000000087200000, 0x0000000087300000, 0x0000000087300000|100%| S|CS|TAMS 0x0000000087200000, 0x0000000087200000| Complete 
|  91|0x0000000087300000, 0x0000000087400000, 0x0000000087400000|100%| S|CS|TAMS 0x0000000087300000, 0x0000000087300000| Complete 
|  92|0x0000000087400000, 0x0000000087400000, 0x0000000087500000|  0%| F|  |TAMS 0x0000000087400000, 0x0000000087400000| Untracked 
|  93|0x0000000087500000, 0x0000000087500000, 0x0000000087600000|  0%| F|  |TAMS 0x0000000087500000, 0x0000000087500000| Untracked 
|  94|0x0000000087600000, 0x0000000087600000, 0x0000000087700000|  0%| F|  |TAMS 0x0000000087600000, 0x0000000087600000| Untracked 
|  95|0x0000000087700000, 0x0000000087700000, 0x0000000087800000|  0%| F|  |TAMS 0x0000000087700000, 0x0000000087700000| Untracked 
|  96|0x0000000087800000, 0x0000000087800000, 0x0000000087900000|  0%| F|  |TAMS 0x0000000087800000, 0x0000000087800000| Untracked 
|  97|0x0000000087900000, 0x0000000087900000, 0x0000000087a00000|  0%| F|  |TAMS 0x0000000087900000, 0x0000000087900000| Untracked 
|  98|0x0000000087a00000, 0x0000000087a00000, 0x0000000087b00000|  0%| F|  |TAMS 0x0000000087a00000, 0x0000000087a00000| Untracked 
|  99|0x0000000087b00000, 0x0000000087b00000, 0x0000000087c00000|  0%| F|  |TAMS 0x0000000087b00000, 0x0000000087b00000| Untracked 
| 100|0x0000000087c00000, 0x0000000087c00000, 0x0000000087d00000|  0%| F|  |TAMS 0x0000000087c00000, 0x0000000087c00000| Untracked 
| 101|0x0000000087d00000, 0x0000000087d00000, 0x0000000087e00000|  0%| F|  |TAMS 0x0000000087d00000, 0x0000000087d00000| Untracked 
| 102|0x0000000087e00000, 0x0000000087e00000, 0x0000000087f00000|  0%| F|  |TAMS 0x0000000087e00000, 0x0000000087e00000| Untracked 
| 103|0x0000000087f00000, 0x0000000087f00000, 0x0000000088000000|  0%| F|  |TAMS 0x0000000087f00000, 0x0000000087f00000| Untracked 
| 104|0x0000000088000000, 0x0000000088000000, 0x0000000088100000|  0%| F|  |TAMS 0x0000000088000000, 0x0000000088000000| Untracked 
| 105|0x0000000088100000, 0x0000000088100000, 0x0000000088200000|  0%| F|  |TAMS 0x0000000088100000, 0x0000000088100000| Untracked 
| 106|0x0000000088200000, 0x0000000088200000, 0x0000000088300000|  0%| F|  |TAMS 0x0000000088200000, 0x0000000088200000| Untracked 
| 107|0x0000000088300000, 0x0000000088300000, 0x0000000088400000|  0%| F|  |TAMS 0x0000000088300000, 0x0000000088300000| Untracked 
| 108|0x0000000088400000, 0x0000000088400000, 0x0000000088500000|  0%| F|  |TAMS 0x0000000088400000, 0x0000000088400000| Untracked 
| 109|0x0000000088500000, 0x00000000885acf48, 0x0000000088600000| 67%| E|  |TAMS 0x0000000088500000, 0x0000000088500000| Complete 
| 110|0x0000000088600000, 0x0000000088700000, 0x0000000088700000|100%| E|CS|TAMS 0x0000000088600000, 0x0000000088600000| Complete 
| 111|0x0000000088700000, 0x0000000088800000, 0x0000000088800000|100%| E|CS|TAMS 0x0000000088700000, 0x0000000088700000| Complete 
| 112|0x0000000088800000, 0x0000000088900000, 0x0000000088900000|100%| E|CS|TAMS 0x0000000088800000, 0x0000000088800000| Complete 
| 113|0x0000000088900000, 0x0000000088a00000, 0x0000000088a00000|100%| E|CS|TAMS 0x0000000088900000, 0x0000000088900000| Complete 
| 114|0x0000000088a00000, 0x0000000088b00000, 0x0000000088b00000|100%| E|CS|TAMS 0x0000000088a00000, 0x0000000088a00000| Complete 
| 115|0x0000000088b00000, 0x0000000088c00000, 0x0000000088c00000|100%| E|CS|TAMS 0x0000000088b00000, 0x0000000088b00000| Complete 
| 116|0x0000000088c00000, 0x0000000088d00000, 0x0000000088d00000|100%| E|CS|TAMS 0x0000000088c00000, 0x0000000088c00000| Complete 
| 117|0x0000000088d00000, 0x0000000088e00000, 0x0000000088e00000|100%| E|CS|TAMS 0x0000000088d00000, 0x0000000088d00000| Complete 
| 118|0x0000000088e00000, 0x0000000088f00000, 0x0000000088f00000|100%| E|CS|TAMS 0x0000000088e00000, 0x0000000088e00000| Complete 
| 119|0x0000000088f00000, 0x0000000089000000, 0x0000000089000000|100%| E|CS|TAMS 0x0000000088f00000, 0x0000000088f00000| Complete 
| 120|0x0000000089000000, 0x0000000089100000, 0x0000000089100000|100%| E|CS|TAMS 0x0000000089000000, 0x0000000089000000| Complete 
| 121|0x0000000089100000, 0x0000000089200000, 0x0000000089200000|100%| E|CS|TAMS 0x0000000089100000, 0x0000000089100000| Complete 
| 122|0x0000000089200000, 0x0000000089300000, 0x0000000089300000|100%| E|CS|TAMS 0x0000000089200000, 0x0000000089200000| Complete 
| 123|0x0000000089300000, 0x0000000089400000, 0x0000000089400000|100%| E|CS|TAMS 0x0000000089300000, 0x0000000089300000| Complete 
| 124|0x0000000089400000, 0x0000000089500000, 0x0000000089500000|100%| E|CS|TAMS 0x0000000089400000, 0x0000000089400000| Complete 
| 125|0x0000000089500000, 0x0000000089600000, 0x0000000089600000|100%| E|CS|TAMS 0x0000000089500000, 0x0000000089500000| Complete 
| 126|0x0000000089600000, 0x0000000089700000, 0x0000000089700000|100%| E|CS|TAMS 0x0000000089600000, 0x0000000089600000| Complete 
| 127|0x0000000089700000, 0x0000000089800000, 0x0000000089800000|100%| E|CS|TAMS 0x0000000089700000, 0x0000000089700000| Complete 
| 128|0x0000000089800000, 0x0000000089900000, 0x0000000089900000|100%| E|CS|TAMS 0x0000000089800000, 0x0000000089800000| Complete 
| 129|0x0000000089900000, 0x0000000089a00000, 0x0000000089a00000|100%| E|CS|TAMS 0x0000000089900000, 0x0000000089900000| Complete 
| 130|0x0000000089a00000, 0x0000000089b00000, 0x0000000089b00000|100%| E|CS|TAMS 0x0000000089a00000, 0x0000000089a00000| Complete 
| 131|0x0000000089b00000, 0x0000000089c00000, 0x0000000089c00000|100%| E|CS|TAMS 0x0000000089b00000, 0x0000000089b00000| Complete 
| 132|0x0000000089c00000, 0x0000000089d00000, 0x0000000089d00000|100%| E|CS|TAMS 0x0000000089c00000, 0x0000000089c00000| Complete 
| 133|0x0000000089d00000, 0x0000000089e00000, 0x0000000089e00000|100%| E|CS|TAMS 0x0000000089d00000, 0x0000000089d00000| Complete 
| 134|0x0000000089e00000, 0x0000000089f00000, 0x0000000089f00000|100%| E|CS|TAMS 0x0000000089e00000, 0x0000000089e00000| Complete 
| 135|0x0000000089f00000, 0x000000008a000000, 0x000000008a000000|100%| E|CS|TAMS 0x0000000089f00000, 0x0000000089f00000| Complete 
| 136|0x000000008a000000, 0x000000008a100000, 0x000000008a100000|100%| E|CS|TAMS 0x000000008a000000, 0x000000008a000000| Complete 
| 137|0x000000008a100000, 0x000000008a200000, 0x000000008a200000|100%| E|CS|TAMS 0x000000008a100000, 0x000000008a100000| Complete 
| 138|0x000000008a200000, 0x000000008a300000, 0x000000008a300000|100%| E|CS|TAMS 0x000000008a200000, 0x000000008a200000| Complete 
| 139|0x000000008a300000, 0x000000008a400000, 0x000000008a400000|100%| E|CS|TAMS 0x000000008a300000, 0x000000008a300000| Complete 
| 140|0x000000008a400000, 0x000000008a500000, 0x000000008a500000|100%| E|CS|TAMS 0x000000008a400000, 0x000000008a400000| Complete 
| 141|0x000000008a500000, 0x000000008a600000, 0x000000008a600000|100%| E|CS|TAMS 0x000000008a500000, 0x000000008a500000| Complete 
| 142|0x000000008a600000, 0x000000008a700000, 0x000000008a700000|100%| E|CS|TAMS 0x000000008a600000, 0x000000008a600000| Complete 
| 143|0x000000008a700000, 0x000000008a800000, 0x000000008a800000|100%| E|CS|TAMS 0x000000008a700000, 0x000000008a700000| Complete 
| 144|0x000000008a800000, 0x000000008a900000, 0x000000008a900000|100%| E|CS|TAMS 0x000000008a800000, 0x000000008a800000| Complete 
| 145|0x000000008a900000, 0x000000008aa00000, 0x000000008aa00000|100%| E|CS|TAMS 0x000000008a900000, 0x000000008a900000| Complete 
| 146|0x000000008aa00000, 0x000000008ab00000, 0x000000008ab00000|100%| E|CS|TAMS 0x000000008aa00000, 0x000000008aa00000| Complete 
| 147|0x000000008ab00000, 0x000000008ac00000, 0x000000008ac00000|100%| E|CS|TAMS 0x000000008ab00000, 0x000000008ab00000| Complete 
| 148|0x000000008ac00000, 0x000000008ad00000, 0x000000008ad00000|100%| E|CS|TAMS 0x000000008ac00000, 0x000000008ac00000| Complete 
| 149|0x000000008ad00000, 0x000000008ae00000, 0x000000008ae00000|100%| E|CS|TAMS 0x000000008ad00000, 0x000000008ad00000| Complete 
| 150|0x000000008ae00000, 0x000000008af00000, 0x000000008af00000|100%| E|CS|TAMS 0x000000008ae00000, 0x000000008ae00000| Complete 
| 151|0x000000008af00000, 0x000000008b000000, 0x000000008b000000|100%| E|CS|TAMS 0x000000008af00000, 0x000000008af00000| Complete 
| 152|0x000000008b000000, 0x000000008b100000, 0x000000008b100000|100%| E|CS|TAMS 0x000000008b000000, 0x000000008b000000| Complete 
| 153|0x000000008b100000, 0x000000008b200000, 0x000000008b200000|100%| E|CS|TAMS 0x000000008b100000, 0x000000008b100000| Complete 
| 154|0x000000008b200000, 0x000000008b300000, 0x000000008b300000|100%| E|CS|TAMS 0x000000008b200000, 0x000000008b200000| Complete 
| 155|0x000000008b300000, 0x000000008b400000, 0x000000008b400000|100%| E|CS|TAMS 0x000000008b300000, 0x000000008b300000| Complete 
|2023|0x00000000fff00000, 0x0000000100000000, 0x0000000100000000|100%| O|  |TAMS 0x0000000100000000, 0x00000000fff00000| Untracked 

Card table byte_map: [0x0000020bd9a40000,0x0000020bd9e40000] _byte_map_base: 0x0000020bd9634000

Marking Bits (Prev, Next): (CMBitMap*) 0x0000020bc71b7e10, (CMBitMap*) 0x0000020bc71b7dd0
 Prev Bits: [0x0000020bdc1e0000, 0x0000020bde180000)
 Next Bits: [0x0000020bda240000, 0x0000020bdc1e0000)

Polling page: 0x0000020bc5020000

Metaspace:

Usage:
  Non-class:     66.15 MB used.
      Class:      8.56 MB used.
       Both:     74.71 MB used.

Virtual space:
  Non-class space:      128.00 MB reserved,      66.31 MB ( 52%) committed,  2 nodes.
      Class space:        1.00 GB reserved,       8.62 MB ( <1%) committed,  1 nodes.
             Both:        1.12 GB reserved,      74.94 MB (  7%) committed. 

Chunk freelists:
   Non-Class:  13.70 MB
       Class:  7.31 MB
        Both:  21.02 MB

MaxMetaspaceSize: unlimited
CompressedClassSpaceSize: 1.00 GB
Initial GC threshold: 21.00 MB
Current GC threshold: 90.00 MB
CDS: off
MetaspaceReclaimPolicy: balanced
 - commit_granule_bytes: 65536.
 - commit_granule_words: 8192.
 - virtual_space_node_default_size: 8388608.
 - enlarge_chunks_in_place: 1.
 - new_chunks_are_fully_committed: 0.
 - uncommit_free_chunks: 1.
 - use_allocation_guard: 0.
 - handle_deallocations: 1.


Internal statistics:

num_allocs_failed_limit: 9.
num_arena_births: 292.
num_arena_deaths: 0.
num_vsnodes_births: 3.
num_vsnodes_deaths: 0.
num_space_committed: 1197.
num_space_uncommitted: 0.
num_chunks_returned_to_freelist: 9.
num_chunks_taken_from_freelist: 2701.
num_chunk_merges: 9.
num_chunk_splits: 2246.
num_chunks_enlarged: 2032.
num_inconsistent_stats: 0.

CodeHeap 'non-profiled nmethods': size=120000Kb used=4157Kb max_used=4157Kb free=115842Kb
 bounds [0x0000020bd2110000, 0x0000020bd2520000, 0x0000020bd9640000]
CodeHeap 'profiled nmethods': size=120000Kb used=23161Kb max_used=23161Kb free=96839Kb
 bounds [0x0000020bca640000, 0x0000020bcbcf0000, 0x0000020bd1b70000]
CodeHeap 'non-nmethods': size=5760Kb used=1379Kb max_used=1452Kb free=4380Kb
 bounds [0x0000020bd1b70000, 0x0000020bd1de0000, 0x0000020bd2110000]
 total_blobs=9523 nmethods=8811 adapters=620
 compilation: enabled
              stopped_count=0, restarted_count=0
 full_count=0

Compilation events (20 events):
Event: 11.943 Thread 0x0000020be0815b20 10152       2       org.jetbrains.kotlin.backend.jvm.lower.JvmInlineClassLowering$visitClassNew$2::invoke (9 bytes)
Event: 11.943 Thread 0x0000020be0815b20 nmethod 10152 0x0000020bcbcda410 code [0x0000020bcbcda5c0, 0x0000020bcbcda728]
Event: 11.943 Thread 0x0000020be0815b20 10153       2       org.jetbrains.kotlin.backend.jvm.lower.JvmInlineClassLowering$visitClassNew$2::invoke (76 bytes)
Event: 11.944 Thread 0x0000020be0815b20 nmethod 10153 0x0000020bcbcda810 code [0x0000020bcbcdab20, 0x0000020bcbcdb438]
Event: 11.945 Thread 0x0000020be0815b20 10154       2       org.jetbrains.kotlin.ir.util.SymbolTable$ScopedSymbolTable$Scope::getByDescriptor (34 bytes)
Event: 11.945 Thread 0x0000020be0815b20 nmethod 10154 0x0000020bcbcdba90 code [0x0000020bcbcdbc60, 0x0000020bcbcdbee8]
Event: 11.965 Thread 0x0000020be0815b20 10155       1       org.jetbrains.kotlin.serialization.deserialization.DeserializationComponents::getPlatformDependentDeclarationFilter (5 bytes)
Event: 11.965 Thread 0x0000020be0815b20 nmethod 10155 0x0000020bd2516b10 code [0x0000020bd2516ca0, 0x0000020bd2516d78]
Event: 11.965 Thread 0x0000020be0815b20 10156       2       org.jetbrains.kotlin.resolve.OverridingUtil$4::invoke (9 bytes)
Event: 11.965 Thread 0x0000020be0815b20 nmethod 10156 0x0000020bcbcdc010 code [0x0000020bcbcdc1a0, 0x0000020bcbcdc2f8]
Event: 11.966 Thread 0x0000020be0815b20 10158       2       org.jetbrains.kotlin.resolve.OverridingUtil::createTypeCheckerState (231 bytes)
Event: 11.967 Thread 0x0000020be0815b20 nmethod 10158 0x0000020bcbcdc390 code [0x0000020bcbcdc600, 0x0000020bcbcdcc88]
Event: 11.967 Thread 0x0000020be0815b20 10159       2       org.jetbrains.kotlin.ir.util.IrUtilsKt$functions$1::invoke (9 bytes)
Event: 11.968 Thread 0x0000020be0815b20 nmethod 10159 0x0000020bcbcdcf90 code [0x0000020bcbcdd180, 0x0000020bcbcdd488]
Event: 11.969 Thread 0x0000020be0815b20 10160       2       org.jetbrains.kotlin.backend.common.IrElementTransformerVoidWithContext::visitFunctionNew (12 bytes)
Event: 11.970 Thread 0x0000020be0815b20 nmethod 10160 0x0000020bcbcdd690 code [0x0000020bcbcdd8c0, 0x0000020bcbcddd08]
Event: 11.970 Thread 0x0000020be0815b20 10161       2       org.jetbrains.kotlin.backend.common.IrElementTransformerVoidWithContext::visitValueParameterNew (12 bytes)
Event: 11.970 Thread 0x0000020be0815b20 nmethod 10161 0x0000020bcbcde010 code [0x0000020bcbcde240, 0x0000020bcbcde688]
Event: 11.970 Thread 0x0000020be0815b20 10163       2       org.jetbrains.kotlin.backend.common.IrElementTransformerVoidWithContext::visitFunction (38 bytes)
Event: 11.971 Thread 0x0000020be0815b20 nmethod 10163 0x0000020bcbcde990 code [0x0000020bcbcdec60, 0x0000020bcbcdf368]

GC Heap History (20 events):
Event: 3.858 GC heap before
{Heap before GC invocations=14 (full 0):
 garbage-first heap   total 55296K, used 42633K [0x0000000081800000, 0x0000000100000000)
  region size 1024K, 16 young (16384K), 3 survivors (3072K)
 Metaspace       used 47110K, committed 47296K, reserved 1114112K
  class space    used 5724K, committed 5824K, reserved 1048576K
}
Event: 3.865 GC heap after
{Heap after GC invocations=15 (full 0):
 garbage-first heap   total 55296K, used 30448K [0x0000000081800000, 0x0000000100000000)
  region size 1024K, 1 young (1024K), 1 survivors (1024K)
 Metaspace       used 47110K, committed 47296K, reserved 1114112K
  class space    used 5724K, committed 5824K, reserved 1048576K
}
Event: 4.098 GC heap before
{Heap before GC invocations=16 (full 0):
 garbage-first heap   total 61440K, used 42736K [0x0000000081800000, 0x0000000100000000)
  region size 1024K, 14 young (14336K), 1 survivors (1024K)
 Metaspace       used 49450K, committed 49600K, reserved 1114112K
  class space    used 6016K, committed 6080K, reserved 1048576K
}
Event: 4.101 GC heap after
{Heap after GC invocations=17 (full 0):
 garbage-first heap   total 61440K, used 31417K [0x0000000081800000, 0x0000000100000000)
  region size 1024K, 2 young (2048K), 2 survivors (2048K)
 Metaspace       used 49450K, committed 49600K, reserved 1114112K
  class space    used 6016K, committed 6080K, reserved 1048576K
}
Event: 4.128 GC heap before
{Heap before GC invocations=17 (full 0):
 garbage-first heap   total 61440K, used 32441K [0x0000000081800000, 0x0000000100000000)
  region size 1024K, 3 young (3072K), 2 survivors (2048K)
 Metaspace       used 49649K, committed 49856K, reserved 1114112K
  class space    used 6044K, committed 6144K, reserved 1048576K
}
Event: 4.133 GC heap after
{Heap after GC invocations=18 (full 0):
 garbage-first heap   total 73728K, used 30348K [0x0000000081800000, 0x0000000100000000)
  region size 1024K, 1 young (1024K), 1 survivors (1024K)
 Metaspace       used 49649K, committed 49856K, reserved 1114112K
  class space    used 6044K, committed 6144K, reserved 1048576K
}
Event: 5.023 GC heap before
{Heap before GC invocations=18 (full 0):
 garbage-first heap   total 73728K, used 54924K [0x0000000081800000, 0x0000000100000000)
  region size 1024K, 26 young (26624K), 1 survivors (1024K)
 Metaspace       used 54039K, committed 54336K, reserved 1114112K
  class space    used 6469K, committed 6592K, reserved 1048576K
}
Event: 5.034 GC heap after
{Heap after GC invocations=19 (full 0):
 garbage-first heap   total 73728K, used 33781K [0x0000000081800000, 0x0000000100000000)
  region size 1024K, 4 young (4096K), 4 survivors (4096K)
 Metaspace       used 54039K, committed 54336K, reserved 1114112K
  class space    used 6469K, committed 6592K, reserved 1048576K
}
Event: 5.858 GC heap before
{Heap before GC invocations=19 (full 0):
 garbage-first heap   total 73728K, used 56309K [0x0000000081800000, 0x0000000100000000)
  region size 1024K, 26 young (26624K), 4 survivors (4096K)
 Metaspace       used 54635K, committed 54912K, reserved 1114112K
  class space    used 6478K, committed 6592K, reserved 1048576K
}
Event: 5.871 GC heap after
{Heap after GC invocations=20 (full 0):
 garbage-first heap   total 73728K, used 37913K [0x0000000081800000, 0x0000000100000000)
  region size 1024K, 4 young (4096K), 4 survivors (4096K)
 Metaspace       used 54635K, committed 54912K, reserved 1114112K
  class space    used 6478K, committed 6592K, reserved 1048576K
}
Event: 6.184 GC heap before
{Heap before GC invocations=20 (full 0):
 garbage-first heap   total 73728K, used 56345K [0x0000000081800000, 0x0000000100000000)
  region size 1024K, 22 young (22528K), 4 survivors (4096K)
 Metaspace       used 55048K, committed 55232K, reserved 1114112K
  class space    used 6513K, committed 6592K, reserved 1048576K
}
Event: 6.201 GC heap after
{Heap after GC invocations=21 (full 0):
 garbage-first heap   total 73728K, used 41173K [0x0000000081800000, 0x0000000100000000)
  region size 1024K, 3 young (3072K), 3 survivors (3072K)
 Metaspace       used 55048K, committed 55232K, reserved 1114112K
  class space    used 6513K, committed 6592K, reserved 1048576K
}
Event: 6.310 GC heap before
{Heap before GC invocations=21 (full 0):
 garbage-first heap   total 92160K, used 57557K [0x0000000081800000, 0x0000000100000000)
  region size 1024K, 19 young (19456K), 3 survivors (3072K)
 Metaspace       used 55063K, committed 55296K, reserved 1114112K
  class space    used 6513K, committed 6592K, reserved 1048576K
}
Event: 6.317 GC heap after
{Heap after GC invocations=22 (full 0):
 garbage-first heap   total 160768K, used 42268K [0x0000000081800000, 0x0000000100000000)
  region size 1024K, 1 young (1024K), 1 survivors (1024K)
 Metaspace       used 55063K, committed 55296K, reserved 1114112K
  class space    used 6513K, committed 6592K, reserved 1048576K
}
Event: 8.334 GC heap before
{Heap before GC invocations=23 (full 0):
 garbage-first heap   total 160768K, used 112924K [0x0000000081800000, 0x0000000100000000)
  region size 1024K, 70 young (71680K), 1 survivors (1024K)
 Metaspace       used 62718K, committed 62912K, reserved 1114112K
  class space    used 7469K, committed 7552K, reserved 1048576K
}
Event: 8.351 GC heap after
{Heap after GC invocations=24 (full 0):
 garbage-first heap   total 160768K, used 50257K [0x0000000081800000, 0x0000000100000000)
  region size 1024K, 9 young (9216K), 9 survivors (9216K)
 Metaspace       used 62718K, committed 62912K, reserved 1114112K
  class space    used 7469K, committed 7552K, reserved 1048576K
}
Event: 8.397 GC heap before
{Heap before GC invocations=24 (full 0):
 garbage-first heap   total 160768K, used 51281K [0x0000000081800000, 0x0000000100000000)
  region size 1024K, 10 young (10240K), 9 survivors (9216K)
 Metaspace       used 62804K, committed 63040K, reserved 1114112K
  class space    used 7479K, committed 7552K, reserved 1048576K
}
Event: 8.411 GC heap after
{Heap after GC invocations=25 (full 0):
 garbage-first heap   total 160768K, used 50679K [0x0000000081800000, 0x0000000100000000)
  region size 1024K, 1 young (1024K), 1 survivors (1024K)
 Metaspace       used 62804K, committed 63040K, reserved 1114112K
  class space    used 7479K, committed 7552K, reserved 1048576K
}
Event: 10.967 GC heap before
{Heap before GC invocations=25 (full 0):
 garbage-first heap   total 160768K, used 115191K [0x0000000081800000, 0x0000000100000000)
  region size 1024K, 64 young (65536K), 1 survivors (1024K)
 Metaspace       used 69810K, committed 70080K, reserved 1114112K
  class space    used 8070K, committed 8192K, reserved 1048576K
}
Event: 10.983 GC heap after
{Heap after GC invocations=26 (full 0):
 garbage-first heap   total 160768K, used 57524K [0x0000000081800000, 0x0000000100000000)
  region size 1024K, 8 young (8192K), 8 survivors (8192K)
 Metaspace       used 69810K, committed 70080K, reserved 1114112K
  class space    used 8070K, committed 8192K, reserved 1048576K
}

Dll operation events (2 events):
Event: 0.008 Loaded shared library C:\Program Files\Android\Android Studio\jbr\bin\java.dll
Event: 1.522 Loaded shared library C:\Program Files\Android\Android Studio\jbr\bin\verify.dll

Deoptimization events (20 events):
Event: 11.438 Thread 0x0000020bc715cc20 DEOPT PACKING pc=0x0000020bd24d97f8 sp=0x000000dbce4fb6e0
Event: 11.438 Thread 0x0000020bc715cc20 DEOPT UNPACKING pc=0x0000020bd1bc69a3 sp=0x000000dbce4fb700 mode 2
Event: 11.438 Thread 0x0000020bc715cc20 Uncommon trap: trap_request=0xffffff45 fr.pc=0x0000020bd2394db8 relative=0x0000000000001eb8
Event: 11.438 Thread 0x0000020bc715cc20 Uncommon trap: reason=unstable_if action=reinterpret pc=0x0000020bd2394db8 method=org.jetbrains.kotlin.resolve.OverridingUtil.findMaxVisibility(Ljava/util/Collection;)Lorg/jetbrains/kotlin/descriptors/DescriptorVisibility; @ 101 c2
Event: 11.438 Thread 0x0000020bc715cc20 DEOPT PACKING pc=0x0000020bd2394db8 sp=0x000000dbce4fb4f0
Event: 11.438 Thread 0x0000020bc715cc20 DEOPT UNPACKING pc=0x0000020bd1bc69a3 sp=0x000000dbce4fb3f8 mode 2
Event: 11.667 Thread 0x0000020bc715cc20 Uncommon trap: trap_request=0xffffff45 fr.pc=0x0000020bd235d310 relative=0x00000000000001f0
Event: 11.667 Thread 0x0000020bc715cc20 Uncommon trap: reason=unstable_if action=reinterpret pc=0x0000020bd235d310 method=kotlin.sequences.FilteringSequence$iterator$1.hasNext()Z @ 5 c2
Event: 11.667 Thread 0x0000020bc715cc20 DEOPT PACKING pc=0x0000020bd235d310 sp=0x000000dbce4fc160
Event: 11.667 Thread 0x0000020bc715cc20 DEOPT UNPACKING pc=0x0000020bd1bc69a3 sp=0x000000dbce4fc120 mode 2
Event: 11.720 Thread 0x0000020bc715cc20 DEOPT PACKING pc=0x0000020bcb40769c sp=0x000000dbce4fc8f0
Event: 11.720 Thread 0x0000020bc715cc20 DEOPT UNPACKING pc=0x0000020bd1bc7143 sp=0x000000dbce4fbd68 mode 0
Event: 11.737 Thread 0x0000020bc715cc20 Uncommon trap: trap_request=0xffffffc6 fr.pc=0x0000020bd23d52c0 relative=0x0000000000000580
Event: 11.737 Thread 0x0000020bc715cc20 Uncommon trap: reason=bimorphic_or_optimized_type_check action=maybe_recompile pc=0x0000020bd23d52c0 method=org.jetbrains.kotlin.descriptors.impl.FunctionDescriptorImpl.isOperator()Z @ 44 c2
Event: 11.737 Thread 0x0000020bc715cc20 DEOPT PACKING pc=0x0000020bd23d52c0 sp=0x000000dbce4fd360
Event: 11.737 Thread 0x0000020bc715cc20 DEOPT UNPACKING pc=0x0000020bd1bc69a3 sp=0x000000dbce4fd2f8 mode 2
Event: 11.967 Thread 0x0000020bc715cc20 Uncommon trap: trap_request=0xffffffc6 fr.pc=0x0000020bd23d52c0 relative=0x0000000000000580
Event: 11.967 Thread 0x0000020bc715cc20 Uncommon trap: reason=bimorphic_or_optimized_type_check action=maybe_recompile pc=0x0000020bd23d52c0 method=org.jetbrains.kotlin.descriptors.impl.FunctionDescriptorImpl.isOperator()Z @ 44 c2
Event: 11.967 Thread 0x0000020bc715cc20 DEOPT PACKING pc=0x0000020bd23d52c0 sp=0x000000dbce4fd3f0
Event: 11.967 Thread 0x0000020bc715cc20 DEOPT UNPACKING pc=0x0000020bd1bc69a3 sp=0x000000dbce4fd388 mode 2

Classes unloaded (0 events):
No events

Classes redefined (0 events):
No events

Internal exceptions (20 events):
Event: 4.678 Thread 0x0000020bc715cc20 Implicit null exception at 0x0000020bd22cea75 to 0x0000020bd22cee44
Event: 5.735 Thread 0x0000020bc715cc20 Implicit null exception at 0x0000020bd215b78e to 0x0000020bd215ba10
Event: 5.736 Thread 0x0000020bc715cc20 Implicit null exception at 0x0000020bd21a4a0f to 0x0000020bd21a4a89
Event: 6.578 Thread 0x0000020bc715cc20 Exception <a 'java/lang/NoSuchMethodError'{0x000000008a6c6ee8}: 'java.lang.Object java.lang.invoke.DirectMethodHandle$Holder.invokeStatic(java.lang.Object, java.lang.Object, java.lang.Object, java.lang.Object, int)'> (0x000000008a6c6ee8) 
thrown [s\src\hotspot\share\interpreter\linkResolver.cpp, line 771]
Event: 6.578 Thread 0x0000020bc715cc20 Exception <a 'java/lang/NoSuchMethodError'{0x000000008a6d0bd0}: 'java.lang.Object java.lang.invoke.DirectMethodHandle$Holder.newInvokeSpecial(java.lang.Object, java.lang.Object, java.lang.Object, java.lang.Object, int)'> (0x000000008a6d0bd0) 
thrown [s\src\hotspot\share\interpreter\linkResolver.cpp, line 771]
Event: 6.579 Thread 0x0000020bc715cc20 Exception <a 'java/lang/NoSuchMethodError'{0x000000008a6d8ca0}: 'java.lang.Object java.lang.invoke.Invokers$Holder.linkToTargetMethod(java.lang.Object, java.lang.Object, java.lang.Object, int, java.lang.Object)'> (0x000000008a6d8ca0) 
thrown [s\src\hotspot\share\interpreter\linkResolver.cpp, line 771]
Event: 6.631 Thread 0x0000020bc715cc20 Exception <a 'java/lang/NoSuchMethodError'{0x000000008a48af88}: 'void java.lang.invoke.DirectMethodHandle$Holder.invokeInterface(java.lang.Object, java.lang.Object)'> (0x000000008a48af88) 
thrown [s\src\hotspot\share\interpreter\linkResolver.cpp, line 771]
Event: 6.690 Thread 0x0000020bc715cc20 Exception <a 'java/lang/IncompatibleClassChangeError'{0x000000008a3d9d80}: Found class java.lang.Object, but interface was expected> (0x000000008a3d9d80) 
thrown [s\src\hotspot\share\interpreter\linkResolver.cpp, line 838]
Event: 6.699 Thread 0x0000020bc715cc20 Implicit null exception at 0x0000020bd2221d4c to 0x0000020bd2221e40
Event: 7.029 Thread 0x0000020bc715cc20 Exception <a 'java/lang/NoSuchMethodError'{0x00000000891108b8}: 'java.lang.Object java.lang.invoke.DirectMethodHandle$Holder.newInvokeSpecial(java.lang.Object, java.lang.Object, java.lang.Object, java.lang.Object, java.lang.Object, java.lang.Object, java.lang.Object)'> (0x00000000891108b8) 
thrown [s\src\hotspot\share\interpreter\linkResolver.cpp, line 771]
Event: 7.029 Thread 0x0000020bc715cc20 Exception <a 'java/lang/NoSuchMethodError'{0x0000000089115470}: 'java.lang.Object java.lang.invoke.Invokers$Holder.linkToTargetMethod(java.lang.Object, java.lang.Object, java.lang.Object, java.lang.Object, java.lang.Object, java.lang.Object, java.lang.Object)'> (0x0000000089115470) 
thrown [s\src\hotspot\share\interpreter\linkResolver.cpp, line 771]
Event: 7.527 Thread 0x0000020bc715cc20 Exception <a 'java/lang/NoSuchMethodError'{0x00000000886b72c8}: 'java.lang.Object java.lang.invoke.DirectMethodHandle$Holder.invokeInterface(java.lang.Object, java.lang.Object, java.lang.Object)'> (0x00000000886b72c8) 
thrown [s\src\hotspot\share\interpreter\linkResolver.cpp, line 771]
Event: 7.528 Thread 0x0000020bc715cc20 Exception <a 'java/lang/IncompatibleClassChangeError'{0x00000000886bac38}: Found class java.lang.Object, but interface was expected> (0x00000000886bac38) 
thrown [s\src\hotspot\share\interpreter\linkResolver.cpp, line 838]
Event: 9.511 Thread 0x0000020bc715cc20 Exception <a 'java/lang/NoSuchMethodError'{0x000000008a115f00}: 'int java.lang.invoke.DirectMethodHandle$Holder.invokeStaticInit(java.lang.Object, int)'> (0x000000008a115f00) 
thrown [s\src\hotspot\share\interpreter\linkResolver.cpp, line 771]
Event: 9.665 Thread 0x0000020bc715cc20 Implicit null exception at 0x0000020bd21ab50c to 0x0000020bd21ab7a4
Event: 10.218 Thread 0x0000020bc715cc20 Implicit null exception at 0x0000020bd2174de0 to 0x0000020bd2174e7a
Event: 10.265 Thread 0x0000020bc715cc20 Exception <a 'java/lang/NoSuchMethodError'{0x0000000088d831a0}: 'java.lang.Object java.lang.invoke.DirectMethodHandle$Holder.newInvokeSpecial(java.lang.Object, java.lang.Object, java.lang.Object, int, int)'> (0x0000000088d831a0) 
thrown [s\src\hotspot\share\interpreter\linkResolver.cpp, line 771]
Event: 10.265 Thread 0x0000020bc715cc20 Exception <a 'java/lang/NoSuchMethodError'{0x0000000088d86fe0}: 'java.lang.Object java.lang.invoke.DirectMethodHandle$Holder.invokeSpecial(java.lang.Object, java.lang.Object, java.lang.Object, java.lang.Object, int, int)'> (0x0000000088d86fe0) 
thrown [s\src\hotspot\share\interpreter\linkResolver.cpp, line 771]
Event: 10.313 Thread 0x0000020bc715cc20 Exception <a 'java/lang/NoSuchMethodError'{0x0000000088b82168}: 'java.lang.Object java.lang.invoke.DirectMethodHandle$Holder.invokeSpecial(java.lang.Object, java.lang.Object, int, int, java.lang.Object, java.lang.Object, java.lang.Object, java.lang.Object, java.lang.Object)'> (0x0000000088b82168) 
thrown [s\src\hotspot\share\interpreter\linkResolver.cpp, line 771]
Event: 10.825 Thread 0x0000020bc715cc20 Implicit null exception at 0x0000020bd2178f96 to 0x0000020bd217925c

VM Operations (20 events):
Event: 11.387 Executing VM operation: ICBufferFull
Event: 11.387 Executing VM operation: ICBufferFull done
Event: 11.599 Executing VM operation: HandshakeAllThreads
Event: 11.600 Executing VM operation: HandshakeAllThreads done
Event: 11.611 Executing VM operation: HandshakeAllThreads
Event: 11.611 Executing VM operation: HandshakeAllThreads done
Event: 11.615 Executing VM operation: HandshakeAllThreads
Event: 11.615 Executing VM operation: HandshakeAllThreads done
Event: 11.711 Executing VM operation: HandshakeAllThreads
Event: 11.711 Executing VM operation: HandshakeAllThreads done
Event: 11.715 Executing VM operation: HandshakeAllThreads
Event: 11.715 Executing VM operation: HandshakeAllThreads done
Event: 11.716 Executing VM operation: ICBufferFull
Event: 11.716 Executing VM operation: ICBufferFull done
Event: 11.784 Executing VM operation: HandshakeAllThreads
Event: 11.784 Executing VM operation: HandshakeAllThreads done
Event: 11.790 Executing VM operation: HandshakeAllThreads
Event: 11.790 Executing VM operation: HandshakeAllThreads done
Event: 11.927 Executing VM operation: ICBufferFull
Event: 11.927 Executing VM operation: ICBufferFull done

Events (20 events):
Event: 10.405 Thread 0x0000020be0816c10 flushing nmethod 0x0000020bcb744490
Event: 10.405 Thread 0x0000020be0816c10 flushing nmethod 0x0000020bcb7dc110
Event: 10.406 Thread 0x0000020be0816c10 flushing nmethod 0x0000020bcb7fd590
Event: 10.406 Thread 0x0000020be0816c10 flushing nmethod 0x0000020bcb800410
Event: 10.406 Thread 0x0000020be0816c10 flushing nmethod 0x0000020bcb824f90
Event: 10.406 Thread 0x0000020be0816c10 flushing nmethod 0x0000020bcb85aa90
Event: 10.406 Thread 0x0000020be0816c10 flushing nmethod 0x0000020bcb881410
Event: 10.406 Thread 0x0000020be0816c10 flushing nmethod 0x0000020bcb88f210
Event: 10.406 Thread 0x0000020be0816c10 flushing nmethod 0x0000020bcb8d6f90
Event: 10.406 Thread 0x0000020be0816c10 flushing nmethod 0x0000020bcb8da890
Event: 10.406 Thread 0x0000020be0816c10 flushing nmethod 0x0000020bcb8e4510
Event: 10.406 Thread 0x0000020be0816c10 flushing nmethod 0x0000020bcb928690
Event: 10.407 Thread 0x0000020be0816c10 flushing nmethod 0x0000020bcb95cc90
Event: 10.407 Thread 0x0000020be0816c10 flushing nmethod 0x0000020bcb974610
Event: 10.407 Thread 0x0000020be0816c10 flushing nmethod 0x0000020bcb986210
Event: 10.407 Thread 0x0000020be0816c10 flushing nmethod 0x0000020bcb9c0010
Event: 10.407 Thread 0x0000020be0816c10 flushing nmethod 0x0000020bcba07590
Event: 10.407 Thread 0x0000020be0816c10 flushing nmethod 0x0000020bcba6c010
Event: 10.408 Thread 0x0000020be0816c10 flushing nmethod 0x0000020bcbaede90
Event: 10.408 Thread 0x0000020be0816c10 flushing nmethod 0x0000020bcbb05090


Dynamic libraries:
0x00007ff702220000 - 0x00007ff70222a000 	C:\Program Files\Android\Android Studio\jbr\bin\java.exe
0x00007ff995690000 - 0x00007ff995888000 	C:\Windows\SYSTEM32\ntdll.dll
0x00007ff994820000 - 0x00007ff9948e1000 	C:\Windows\System32\KERNEL32.DLL
0x00007ff992ed0000 - 0x00007ff9931cd000 	C:\Windows\System32\KERNELBASE.dll
0x00007ff9933f0000 - 0x00007ff9934f0000 	C:\Windows\System32\ucrtbase.dll
0x00007ff962900000 - 0x00007ff96291b000 	C:\Program Files\Android\Android Studio\jbr\bin\VCRUNTIME140.dll
0x00007ff971940000 - 0x00007ff971957000 	C:\Program Files\Android\Android Studio\jbr\bin\jli.dll
0x00007ff994fa0000 - 0x00007ff99513d000 	C:\Windows\System32\USER32.dll
0x00007ff993690000 - 0x00007ff9936b2000 	C:\Windows\System32\win32u.dll
0x00007ff97cdf0000 - 0x00007ff97d08a000 	C:\Windows\WinSxS\amd64_microsoft.windows.common-controls_6595b64144ccf1df_6.0.19041.4355_none_60b8b9eb71f62e16\COMCTL32.dll
0x00007ff994470000 - 0x00007ff99449b000 	C:\Windows\System32\GDI32.dll
0x00007ff993740000 - 0x00007ff9937de000 	C:\Windows\System32\msvcrt.dll
0x00007ff993240000 - 0x00007ff993357000 	C:\Windows\System32\gdi32full.dll
0x00007ff9934f0000 - 0x00007ff99358d000 	C:\Windows\System32\msvcp_win.dll
0x00007ff995620000 - 0x00007ff99564f000 	C:\Windows\System32\IMM32.DLL
0x00007ff9628f0000 - 0x00007ff9628fc000 	C:\Program Files\Android\Android Studio\jbr\bin\vcruntime140_1.dll
0x00007ff962860000 - 0x00007ff9628ed000 	C:\Program Files\Android\Android Studio\jbr\bin\msvcp140.dll
0x00007ff94cb40000 - 0x00007ff94d7c3000 	C:\Program Files\Android\Android Studio\jbr\bin\server\jvm.dll
0x00007ff993f50000 - 0x00007ff994000000 	C:\Windows\System32\ADVAPI32.dll
0x00007ff994d80000 - 0x00007ff994e20000 	C:\Windows\System32\sechost.dll
0x00007ff9953c0000 - 0x00007ff9954e3000 	C:\Windows\System32\RPCRT4.dll
0x00007ff992ea0000 - 0x00007ff992ec7000 	C:\Windows\System32\bcrypt.dll
0x00007ff983c70000 - 0x00007ff983c79000 	C:\Windows\SYSTEM32\WSOCK32.dll
0x00007ff992280000 - 0x00007ff9922cb000 	C:\Windows\SYSTEM32\POWRPROF.dll
0x00007ff995550000 - 0x00007ff9955bb000 	C:\Windows\System32\WS2_32.dll
0x00007ff98d670000 - 0x00007ff98d697000 	C:\Windows\SYSTEM32\WINMM.dll
0x00007ff97e570000 - 0x00007ff97e57a000 	C:\Windows\SYSTEM32\VERSION.dll
0x00007ff992140000 - 0x00007ff992152000 	C:\Windows\SYSTEM32\UMPDC.dll
0x00007ff990bc0000 - 0x00007ff990bd2000 	C:\Windows\SYSTEM32\kernel.appcore.dll
0x00007ff983790000 - 0x00007ff98379a000 	C:\Program Files\Android\Android Studio\jbr\bin\jimage.dll
0x00007ff988f10000 - 0x00007ff9890f4000 	C:\Windows\SYSTEM32\DBGHELP.DLL
0x00007ff988d90000 - 0x00007ff988dc4000 	C:\Windows\SYSTEM32\dbgcore.DLL
0x00007ff993360000 - 0x00007ff9933e2000 	C:\Windows\System32\bcryptPrimitives.dll
0x00007ff9781d0000 - 0x00007ff9781f5000 	C:\Program Files\Android\Android Studio\jbr\bin\java.dll
0x00007ff979650000 - 0x00007ff979668000 	C:\Program Files\Android\Android Studio\jbr\bin\zip.dll
0x00007ff9937e0000 - 0x00007ff993f4f000 	C:\Windows\System32\SHELL32.dll
0x00007ff990dc0000 - 0x00007ff991563000 	C:\Windows\SYSTEM32\windows.storage.dll
0x00007ff994a20000 - 0x00007ff994d73000 	C:\Windows\System32\combase.dll
0x00007ff992770000 - 0x00007ff99279e000 	C:\Windows\SYSTEM32\Wldp.dll
0x00007ff994e20000 - 0x00007ff994eed000 	C:\Windows\System32\OLEAUT32.dll
0x00007ff994ef0000 - 0x00007ff994f9d000 	C:\Windows\System32\SHCORE.dll
0x00007ff9954f0000 - 0x00007ff995545000 	C:\Windows\System32\shlwapi.dll
0x00007ff992c70000 - 0x00007ff992c94000 	C:\Windows\SYSTEM32\profapi.dll
0x00007ff975c60000 - 0x00007ff975c79000 	C:\Program Files\Android\Android Studio\jbr\bin\net.dll
0x00007ff9898c0000 - 0x00007ff9899cd000 	C:\Windows\SYSTEM32\WINHTTP.dll
0x00007ff9924d0000 - 0x00007ff99253a000 	C:\Windows\system32\mswsock.dll
0x00007ff974950000 - 0x00007ff974966000 	C:\Program Files\Android\Android Studio\jbr\bin\nio.dll
0x00007ff9750a0000 - 0x00007ff9750b0000 	C:\Program Files\Android\Android Studio\jbr\bin\verify.dll

dbghelp: loaded successfully - version: 4.0.5 - missing functions: none
symbol engine: initialized successfully - sym options: 0x614 - pdb path: .;C:\Program Files\Android\Android Studio\jbr\bin;C:\Windows\SYSTEM32;C:\Windows\WinSxS\amd64_microsoft.windows.common-controls_6595b64144ccf1df_6.0.19041.4355_none_60b8b9eb71f62e16;C:\Program Files\Android\Android Studio\jbr\bin\server

VM Arguments:
java_command: org.jetbrains.kotlin.cli.jvm.K2JVMCompiler @C:\Users\Administrator\AndroidStudioProjects\osis\app\build\20241006_5684175579492328844.compiler.options
java_class_path (initial): C:\Users\Administrator\.gradle\caches\modules-2\files-2.1\org.jetbrains.kotlin\kotlin-compiler-embeddable\1.9.0\2c8c3a7402becca891f12739b3e9fd2dc2adbd7a\kotlin-compiler-embeddable-1.9.0.jar;C:\Users\Administrator\.gradle\caches\modules-2\files-2.1\org.jetbrains.kotlin\kotlin-stdlib\1.9.0\8ee15ef0c67dc83d874f412d84378d7f0eb50b63\kotlin-stdlib-1.9.0.jar;C:\Users\Administrator\.gradle\caches\modules-2\files-2.1\org.jetbrains.kotlin\kotlin-script-runtime\1.9.0\4b3102cbbb7e1b58d9d1adf89563f00069ffa7d1\kotlin-script-runtime-1.9.0.jar;C:\Users\Administrator\.gradle\caches\modules-2\files-2.1\org.jetbrains.kotlin\kotlin-reflect\1.6.10\1cbe9c92c12a94eea200d23c2bbaedaf3daf5132\kotlin-reflect-1.6.10.jar;C:\Users\Administrator\.gradle\caches\modules-2\files-2.1\org.jetbrains.kotlin\kotlin-daemon-embeddable\1.9.0\186543f5e28cf8d9a0290fecc2cf34301c40a65c\kotlin-daemon-embeddable-1.9.0.jar;C:\Users\Administrator\.gradle\caches\modules-2\files-2.1\org.jetbrains.intellij.deps\trove4j\1.0.20200330\3afb14d5f9ceb459d724e907a21145e8ff394f02\trove4j-1.0.20200330.jar;C:\Users\Administrator\.gradle\caches\modules-2\files-2.1\org.jetbrains.kotlin\kotlin-stdlib-common\1.9.0\cd65c21cfd1eec4d44ef09f9f52b6d9f8a720636\kotlin-stdlib-common-1.9.0.jar;C:\Users\Administrator\.gradle\caches\modules-2\files-2.1\org.jetbrains\annotations\13.0\919f0dfe192fb4e063e7dacadee7f8bb9a2672a9\annotations-13.0.jar
Launcher Type: SUN_STANDARD

[Global flags]
     intx CICompilerCount                          = 3                                         {product} {ergonomic}
     uint ConcGCThreads                            = 1                                         {product} {ergonomic}
     uint G1ConcRefinementThreads                  = 4                                         {product} {ergonomic}
   size_t G1HeapRegionSize                         = 1048576                                   {product} {ergonomic}
    uintx GCDrainStackTargetSize                   = 64                                        {product} {ergonomic}
   size_t InitialHeapSize                          = 134217728                                 {product} {ergonomic}
   size_t MarkStackSize                            = 4194304                                   {product} {ergonomic}
   size_t MaxHeapSize                              = 2122317824                                {product} {ergonomic}
   size_t MaxNewSize                               = 1272971264                                {product} {ergonomic}
   size_t MinHeapDeltaBytes                        = 1048576                                   {product} {ergonomic}
   size_t MinHeapSize                              = 8388608                                   {product} {ergonomic}
    uintx NonNMethodCodeHeapSize                   = 5832780                                {pd product} {ergonomic}
    uintx NonProfiledCodeHeapSize                  = 122912730                              {pd product} {ergonomic}
    uintx ProfiledCodeHeapSize                     = 122912730                              {pd product} {ergonomic}
    uintx ReservedCodeCacheSize                    = 251658240                              {pd product} {ergonomic}
     bool SegmentedCodeCache                       = true                                      {product} {ergonomic}
   size_t SoftMaxHeapSize                          = 2122317824                             {manageable} {ergonomic}
     bool UseCompressedClassPointers               = true                           {product lp64_product} {ergonomic}
     bool UseCompressedOops                        = true                           {product lp64_product} {ergonomic}
     bool UseG1GC                                  = true                                      {product} {ergonomic}
     bool UseLargePagesIndividualAllocation        = false                                  {pd product} {ergonomic}

Logging:
Log output configuration:
 #0: stdout all=warning uptime,level,tags
 #1: stderr all=off uptime,level,tags

Environment Variables:
PATH=C:\Program Files\ImageMagick-7.1.1-Q16;C:\Windows\system32;C:\Windows;C:\Windows\System32\Wbem;C:\Windows\System32\WindowsPowerShell\v1.0\;C:\Windows\System32\OpenSSH\;C:\Program Files\Git\cmd;C:\ProgramData\ComposerSetup\bin;C:\Users\Administrator\Downloads\ngrok-v3-stable-windows-amd64.zip;C:\Users\Administrator\AppData\Local\Microsoft\WindowsApps;C:\Users\Administrator\AppData\Local\Programs\Microsoft VS Code\bin;C:\laragon\bin\php\php-8.1.10-Win32-vs16-x64;C:\Users\Administrator\AppData\Roaming\Composer\vendor\bin
USERNAME=Administrator
OS=Windows_NT
PROCESSOR_IDENTIFIER=Intel64 Family 6 Model 142 Stepping 9, GenuineIntel
TMP=C:\Users\ADMINI~1\AppData\Local\Temp
TEMP=C:\Users\ADMINI~1\AppData\Local\Temp



Periodic native trim disabled

JNI global refs:
JNI global refs: 11, weak refs: 20

JNI global refs memory usage: 843, weak refs: 841

Process memory usage:
Resident Set Size: 353740K (4% of 8282452K total physical memory with 976368K free physical memory)

OOME stack traces (most recent first):
Classloader memory used:
Loader jdk.internal.loader.ClassLoaders$AppClassLoader                                 : 8208K
Loader bootstrap                                                                       : 1350K
Loader jdk.internal.reflect.DelegatingClassLoader                                      : 13067B


---------------  S Y S T E M  ---------------

OS:
 Windows 10 , 64 bit Build 19041 (10.0.19041.4842)
OS uptime: 0 days 2:12 hours

CPU: total 4 (initial active 4) (2 cores per cpu, 2 threads per core) family 6 model 142 stepping 9 microcode 0xf4, cx8, cmov, fxsr, ht, mmx, 3dnowpref, sse, sse2, sse3, ssse3, sse4.1, sse4.2, popcnt, lzcnt, tsc, tscinvbit, avx, avx2, aes, erms, clmul, bmi1, bmi2, adx, fma, vzeroupper, clflush, clflushopt
Processor Information for all 4 processors :
  Max Mhz: 2712, Current Mhz: 2511, Mhz Limit: 2495

Memory: 4k page, system-wide physical 8088M (953M free)
TotalPageFile size 12088M (AvailPageFile size 6M)
current process WorkingSet (physical memory assigned to process): 345M, peak: 346M
current process commit charge ("private bytes"): 387M, peak: 390M

vm_info: OpenJDK 64-Bit Server VM (17.0.11+0--11852314) for windows-amd64 JRE (17.0.11+0--11852314), built on May 16 2024 21:29:20 by "androidbuild" with MS VC++ 16.10 / 16.11 (VS2019)

END.
