#
# There is insufficient memory for the Java Runtime Environment to continue.
# Native memory allocation (malloc) failed to allocate 527056 bytes. Error detail: Chunk::new
# Possible reasons:
#   The system is out of physical RAM or swap space
#   This process is running with CompressedOops enabled, and the Java Heap may be blocking the growth of the native heap
# Possible solutions:
#   Reduce memory load on the system
#   Increase physical memory or swap space
#   Check if swap backing store is full
#   Decrease Java heap size (-Xmx/-Xms)
#   Decrease number of Java threads
#   Decrease Java thread stack sizes (-Xss)
#   Set larger code cache with -XX:ReservedCodeCacheSize=
#   JVM is running with Unscaled Compressed Oops mode in which the Java heap is
#     placed in the first 4GB address space. The Java Heap base address is the
#     maximum limit for the native heap growth. Please use -XX:HeapBaseMinAddress
#     to set the Java Heap base and to place the Java Heap above 4GB virtual address.
# This output file may be truncated or incomplete.
#
#  Out of Memory Error (arena.cpp:191), pid=4792, tid=3016
#
# JRE version: OpenJDK Runtime Environment (17.0.11) (build 17.0.11+0--11852314)
# Java VM: OpenJDK 64-Bit Server VM (17.0.11+0--11852314, mixed mode, tiered, compressed oops, compressed class ptrs, g1 gc, windows-amd64)
# No core dump will be written. Minidumps are not enabled by default on client versions of Windows
#

---------------  S U M M A R Y ------------

Command Line: org.jetbrains.kotlin.cli.jvm.K2JVMCompiler @C:\Users\Administrator\AndroidStudioProjects\osis\app\build\20241006_1293522540929929623.compiler.options

Host: Intel(R) Core(TM) i5-7200U CPU @ 2.50GHz, 4 cores, 7G,  Windows 10 , 64 bit Build 19041 (10.0.19041.4842)
Time: Sun Oct  6 21:18:25 2024 SE Asia Standard Time elapsed time: 12.987571 seconds (0d 0h 0m 12s)

---------------  T H R E A D  ---------------

Current thread (0x00000276455bbee0):  JavaThread "C2 CompilerThread1" daemon [_thread_in_native, id=3016, stack(0x0000008256c00000,0x0000008256d00000)]


Current CompileTask:
C2:  12987 11730       4       org.jetbrains.kotlin.types.AbstractTypeMapper::mapType (568 bytes)

Stack: [0x0000008256c00000,0x0000008256d00000]
Native frames: (J=compiled Java code, j=interpreted, Vv=VM code, C=native code)
V  [jvm.dll+0x687bb9]
V  [jvm.dll+0x84142a]
V  [jvm.dll+0x8430ae]
V  [jvm.dll+0x843713]
V  [jvm.dll+0x24a35f]
V  [jvm.dll+0xac544]
V  [jvm.dll+0xacb8c]
V  [jvm.dll+0x120387]
V  [jvm.dll+0x619625]
V  [jvm.dll+0x617cca]
V  [jvm.dll+0x21bd48]
V  [jvm.dll+0x21b311]
V  [jvm.dll+0x1a63ed]
V  [jvm.dll+0x22b1ee]
V  [jvm.dll+0x229375]
V  [jvm.dll+0x7f5647]
V  [jvm.dll+0x7efa4a]
V  [jvm.dll+0x686a35]
C  [ucrtbase.dll+0x21bb2]
C  [KERNEL32.DLL+0x17374]
C  [ntdll.dll+0x4cc91]


---------------  P R O C E S S  ---------------

Threads class SMR info:
_java_thread_list=0x00000276455ff340, length=13, elements={
0x0000027629c4de30, 0x00000276450f9250, 0x00000276450c04e0, 0x00000276450e4be0,
0x00000276450e66c0, 0x00000276450e77a0, 0x000002764524c3e0, 0x00000276452504e0,
0x0000027645251e00, 0x0000027645252ef0, 0x00000276453d7260, 0x00000276453e5d00,
0x00000276455bbee0
}

Java Threads: ( => current thread )
  0x0000027629c4de30 JavaThread "main" [_thread_in_Java, id=8724, stack(0x0000008255900000,0x0000008255a00000)]
  0x00000276450f9250 JavaThread "Reference Handler" daemon [_thread_blocked, id=5540, stack(0x0000008256000000,0x0000008256100000)]
  0x00000276450c04e0 JavaThread "Finalizer" daemon [_thread_blocked, id=2604, stack(0x0000008256100000,0x0000008256200000)]
  0x00000276450e4be0 JavaThread "Signal Dispatcher" daemon [_thread_blocked, id=8548, stack(0x0000008256200000,0x0000008256300000)]
  0x00000276450e66c0 JavaThread "Attach Listener" daemon [_thread_blocked, id=3328, stack(0x0000008256300000,0x0000008256400000)]
  0x00000276450e77a0 JavaThread "Service Thread" daemon [_thread_blocked, id=236, stack(0x0000008256400000,0x0000008256500000)]
  0x000002764524c3e0 JavaThread "Monitor Deflation Thread" daemon [_thread_blocked, id=4952, stack(0x0000008256500000,0x0000008256600000)]
  0x00000276452504e0 JavaThread "C2 CompilerThread0" daemon [_thread_in_native, id=6116, stack(0x0000008256600000,0x0000008256700000)]
  0x0000027645251e00 JavaThread "C1 CompilerThread0" daemon [_thread_blocked, id=6772, stack(0x0000008256700000,0x0000008256800000)]
  0x0000027645252ef0 JavaThread "Sweeper thread" daemon [_thread_blocked, id=9824, stack(0x0000008256800000,0x0000008256900000)]
  0x00000276453d7260 JavaThread "Notification Thread" daemon [_thread_blocked, id=2300, stack(0x0000008256900000,0x0000008256a00000)]
  0x00000276453e5d00 JavaThread "Common-Cleaner" daemon [_thread_blocked, id=1108, stack(0x0000008256b00000,0x0000008256c00000)]
=>0x00000276455bbee0 JavaThread "C2 CompilerThread1" daemon [_thread_in_native, id=3016, stack(0x0000008256c00000,0x0000008256d00000)]

Other Threads:
  0x0000027645077300 VMThread "VM Thread" [stack: 0x0000008255f00000,0x0000008256000000] [id=5968]
  0x00000276453d8360 WatcherThread [stack: 0x0000008256a00000,0x0000008256b00000] [id=10012]
  0x0000027629ca79b0 GCTaskThread "GC Thread#0" [stack: 0x0000008255a00000,0x0000008255b00000] [id=7128]
  0x00000276458aa2c0 GCTaskThread "GC Thread#1" [stack: 0x0000008256d00000,0x0000008256e00000] [id=9412]
  0x00000276458aa580 GCTaskThread "GC Thread#2" [stack: 0x0000008256e00000,0x0000008256f00000] [id=2628]
  0x00000276458aa840 GCTaskThread "GC Thread#3" [stack: 0x0000008256f00000,0x0000008257000000] [id=6148]
  0x0000027629cb9520 ConcurrentGCThread "G1 Main Marker" [stack: 0x0000008255b00000,0x0000008255c00000] [id=3252]
  0x0000027629cbd610 ConcurrentGCThread "G1 Conc#0" [stack: 0x0000008255c00000,0x0000008255d00000] [id=9204]
  0x0000027629d0e5c0 ConcurrentGCThread "G1 Refine#0" [stack: 0x0000008255d00000,0x0000008255e00000] [id=9156]
  0x000002764b7b6b60 ConcurrentGCThread "G1 Refine#1" [stack: 0x0000008257000000,0x0000008257100000] [id=9344]
  0x000002764bb28330 ConcurrentGCThread "G1 Refine#2" [stack: 0x0000008257100000,0x0000008257200000] [id=7804]
  0x000002764ab51760 ConcurrentGCThread "G1 Refine#3" [stack: 0x0000008257200000,0x0000008257300000] [id=8892]
  0x0000027644f240c0 ConcurrentGCThread "G1 Service" [stack: 0x0000008255e00000,0x0000008255f00000] [id=7788]

Threads with active compile tasks:
C2 CompilerThread0    13013 11713       4       org.jetbrains.kotlin.cli.jvm.index.JvmDependenciesIndexImpl::search (386 bytes)
C2 CompilerThread1    13013 11730       4       org.jetbrains.kotlin.types.AbstractTypeMapper::mapType (568 bytes)

VM state: not at safepoint (normal execution)

VM Mutex/Monitor currently owned by a thread: None

Heap address: 0x0000000081800000, size: 2024 MB, Compressed Oops mode: 32-bit

CDS archive(s) not mapped
Compressed class space mapped at: 0x0000000100000000-0x0000000140000000, reserved size: 1073741824
Narrow klass base: 0x0000000000000000, Narrow klass shift: 3, Narrow klass range: 0x140000000

GC Precious Log:
 CPUs: 4 total, 4 available
 Memory: 8088M
 Large Page Support: Disabled
 NUMA Support: Disabled
 Compressed Oops: Enabled (32-bit)
 Heap Region Size: 1M
 Heap Min Capacity: 8M
 Heap Initial Capacity: 128M
 Heap Max Capacity: 2024M
 Pre-touch: Disabled
 Parallel Workers: 4
 Concurrent Workers: 1
 Concurrent Refinement Workers: 4
 Periodic GC: Disabled

Heap:
 garbage-first heap   total 167936K, used 91535K [0x0000000081800000, 0x0000000100000000)
  region size 1024K, 26 young (26624K), 2 survivors (2048K)
 Metaspace       used 83480K, committed 83776K, reserved 1179648K
  class space    used 9416K, committed 9536K, reserved 1048576K

Heap Regions: E=young(eden), S=young(survivor), O=old, HS=humongous(starts), HC=humongous(continues), CS=collection set, F=free, OA=open archive, CA=closed archive, TAMS=top-at-mark-start (previous, next)
|   0|0x0000000081800000, 0x0000000081900000, 0x0000000081900000|100%|HS|  |TAMS 0x0000000081900000, 0x0000000081800000| Complete 
|   1|0x0000000081900000, 0x0000000081a00000, 0x0000000081a00000|100%|HC|  |TAMS 0x0000000081a00000, 0x0000000081900000| Complete 
|   2|0x0000000081a00000, 0x0000000081b00000, 0x0000000081b00000|100%|HC|  |TAMS 0x0000000081b00000, 0x0000000081a00000| Complete 
|   3|0x0000000081b00000, 0x0000000081c00000, 0x0000000081c00000|100%|HC|  |TAMS 0x0000000081c00000, 0x0000000081b00000| Complete 
|   4|0x0000000081c00000, 0x0000000081cefa00, 0x0000000081d00000| 93%| O|  |TAMS 0x0000000081cefa00, 0x0000000081c00000| Untracked 
|   5|0x0000000081d00000, 0x0000000081e00000, 0x0000000081e00000|100%| O|  |TAMS 0x0000000081e00000, 0x0000000081d00000| Untracked 
|   6|0x0000000081e00000, 0x0000000081f00000, 0x0000000081f00000|100%| O|  |TAMS 0x0000000081f00000, 0x0000000081e00000| Untracked 
|   7|0x0000000081f00000, 0x0000000082000000, 0x0000000082000000|100%| O|  |TAMS 0x0000000082000000, 0x0000000081f00000| Untracked 
|   8|0x0000000082000000, 0x0000000082100000, 0x0000000082100000|100%| O|  |TAMS 0x0000000082100000, 0x0000000082000000| Untracked 
|   9|0x0000000082100000, 0x0000000082200000, 0x0000000082200000|100%| O|  |TAMS 0x0000000082200000, 0x0000000082100000| Untracked 
|  10|0x0000000082200000, 0x0000000082300000, 0x0000000082300000|100%| O|  |TAMS 0x0000000082300000, 0x0000000082200000| Untracked 
|  11|0x0000000082300000, 0x0000000082400000, 0x0000000082400000|100%| O|  |TAMS 0x0000000082400000, 0x0000000082300000| Untracked 
|  12|0x0000000082400000, 0x0000000082500000, 0x0000000082500000|100%| O|  |TAMS 0x0000000082500000, 0x0000000082400000| Untracked 
|  13|0x0000000082500000, 0x0000000082600000, 0x0000000082600000|100%| O|  |TAMS 0x0000000082600000, 0x0000000082500000| Untracked 
|  14|0x0000000082600000, 0x0000000082700000, 0x0000000082700000|100%| O|  |TAMS 0x0000000082700000, 0x0000000082600000| Untracked 
|  15|0x0000000082700000, 0x0000000082800000, 0x0000000082800000|100%| O|  |TAMS 0x0000000082800000, 0x0000000082700000| Untracked 
|  16|0x0000000082800000, 0x0000000082900000, 0x0000000082900000|100%| O|  |TAMS 0x0000000082900000, 0x0000000082800000| Untracked 
|  17|0x0000000082900000, 0x0000000082a00000, 0x0000000082a00000|100%| O|  |TAMS 0x0000000082a00000, 0x0000000082900000| Untracked 
|  18|0x0000000082a00000, 0x0000000082b00000, 0x0000000082b00000|100%| O|  |TAMS 0x0000000082b00000, 0x0000000082a00000| Untracked 
|  19|0x0000000082b00000, 0x0000000082c00000, 0x0000000082c00000|100%| O|  |TAMS 0x0000000082c00000, 0x0000000082b00000| Untracked 
|  20|0x0000000082c00000, 0x0000000082d00000, 0x0000000082d00000|100%|HS|  |TAMS 0x0000000082d00000, 0x0000000082c00000| Complete 
|  21|0x0000000082d00000, 0x0000000082e00000, 0x0000000082e00000|100%|HC|  |TAMS 0x0000000082e00000, 0x0000000082d00000| Complete 
|  22|0x0000000082e00000, 0x0000000082f00000, 0x0000000082f00000|100%| O|  |TAMS 0x0000000082f00000, 0x0000000082e00000| Untracked 
|  23|0x0000000082f00000, 0x0000000083000000, 0x0000000083000000|100%| O|  |TAMS 0x0000000083000000, 0x0000000082f00000| Untracked 
|  24|0x0000000083000000, 0x0000000083100000, 0x0000000083100000|100%| O|  |TAMS 0x0000000083100000, 0x0000000083000000| Untracked 
|  25|0x0000000083100000, 0x0000000083200000, 0x0000000083200000|100%| O|  |TAMS 0x0000000083200000, 0x0000000083100000| Untracked 
|  26|0x0000000083200000, 0x0000000083300000, 0x0000000083300000|100%| O|  |TAMS 0x0000000083300000, 0x0000000083200000| Untracked 
|  27|0x0000000083300000, 0x0000000083400000, 0x0000000083400000|100%| O|  |TAMS 0x0000000083400000, 0x0000000083300000| Untracked 
|  28|0x0000000083400000, 0x0000000083500000, 0x0000000083500000|100%| O|  |TAMS 0x0000000083500000, 0x0000000083400000| Untracked 
|  29|0x0000000083500000, 0x0000000083600000, 0x0000000083600000|100%| O|  |TAMS 0x0000000083500000, 0x0000000083500000| Untracked 
|  30|0x0000000083600000, 0x0000000083700000, 0x0000000083700000|100%| O|  |TAMS 0x0000000083700000, 0x0000000083600000| Untracked 
|  31|0x0000000083700000, 0x0000000083800000, 0x0000000083800000|100%| O|  |TAMS 0x0000000083800000, 0x0000000083700000| Untracked 
|  32|0x0000000083800000, 0x0000000083900000, 0x0000000083900000|100%| O|  |TAMS 0x0000000083900000, 0x0000000083800000| Untracked 
|  33|0x0000000083900000, 0x0000000083a00000, 0x0000000083a00000|100%| O|  |TAMS 0x00000000839a2800, 0x0000000083900000| Untracked 
|  34|0x0000000083a00000, 0x0000000083b00000, 0x0000000083b00000|100%| O|  |TAMS 0x0000000083a00000, 0x0000000083a00000| Untracked 
|  35|0x0000000083b00000, 0x0000000083c00000, 0x0000000083c00000|100%| O|  |TAMS 0x0000000083b00000, 0x0000000083b00000| Untracked 
|  36|0x0000000083c00000, 0x0000000083d00000, 0x0000000083d00000|100%| O|  |TAMS 0x0000000083c00000, 0x0000000083c00000| Untracked 
|  37|0x0000000083d00000, 0x0000000083e00000, 0x0000000083e00000|100%| O|  |TAMS 0x0000000083d00000, 0x0000000083d00000| Untracked 
|  38|0x0000000083e00000, 0x0000000083f00000, 0x0000000083f00000|100%| O|  |TAMS 0x0000000083e00000, 0x0000000083e00000| Untracked 
|  39|0x0000000083f00000, 0x0000000084000000, 0x0000000084000000|100%| O|  |TAMS 0x0000000083f00000, 0x0000000083f00000| Untracked 
|  40|0x0000000084000000, 0x0000000084100000, 0x0000000084100000|100%| O|  |TAMS 0x0000000084000000, 0x0000000084000000| Untracked 
|  41|0x0000000084100000, 0x0000000084200000, 0x0000000084200000|100%| O|  |TAMS 0x0000000084100000, 0x0000000084100000| Untracked 
|  42|0x0000000084200000, 0x0000000084300000, 0x0000000084300000|100%| O|  |TAMS 0x0000000084200000, 0x0000000084200000| Untracked 
|  43|0x0000000084300000, 0x0000000084400000, 0x0000000084400000|100%| O|  |TAMS 0x0000000084300000, 0x0000000084300000| Untracked 
|  44|0x0000000084400000, 0x0000000084500000, 0x0000000084500000|100%| O|  |TAMS 0x0000000084400000, 0x0000000084400000| Untracked 
|  45|0x0000000084500000, 0x0000000084600000, 0x0000000084600000|100%| O|  |TAMS 0x0000000084500000, 0x0000000084500000| Untracked 
|  46|0x0000000084600000, 0x0000000084700000, 0x0000000084700000|100%| O|  |TAMS 0x0000000084600000, 0x0000000084600000| Untracked 
|  47|0x0000000084700000, 0x0000000084800000, 0x0000000084800000|100%| O|  |TAMS 0x0000000084700000, 0x0000000084700000| Untracked 
|  48|0x0000000084800000, 0x0000000084900000, 0x0000000084900000|100%| O|  |TAMS 0x0000000084800000, 0x0000000084800000| Untracked 
|  49|0x0000000084900000, 0x0000000084a00000, 0x0000000084a00000|100%| O|  |TAMS 0x0000000084900000, 0x0000000084900000| Untracked 
|  50|0x0000000084a00000, 0x0000000084b00000, 0x0000000084b00000|100%| O|  |TAMS 0x0000000084a00000, 0x0000000084a00000| Untracked 
|  51|0x0000000084b00000, 0x0000000084c00000, 0x0000000084c00000|100%| O|  |TAMS 0x0000000084b00000, 0x0000000084b00000| Untracked 
|  52|0x0000000084c00000, 0x0000000084d00000, 0x0000000084d00000|100%| O|  |TAMS 0x0000000084c00000, 0x0000000084c00000| Untracked 
|  53|0x0000000084d00000, 0x0000000084e00000, 0x0000000084e00000|100%| O|  |TAMS 0x0000000084d00000, 0x0000000084d00000| Untracked 
|  54|0x0000000084e00000, 0x0000000084f00000, 0x0000000084f00000|100%| O|  |TAMS 0x0000000084e00000, 0x0000000084e00000| Untracked 
|  55|0x0000000084f00000, 0x0000000085000000, 0x0000000085000000|100%| O|  |TAMS 0x0000000084f00000, 0x0000000084f00000| Untracked 
|  56|0x0000000085000000, 0x0000000085100000, 0x0000000085100000|100%| O|  |TAMS 0x0000000085000000, 0x0000000085000000| Untracked 
|  57|0x0000000085100000, 0x0000000085200000, 0x0000000085200000|100%| O|  |TAMS 0x0000000085100000, 0x0000000085100000| Untracked 
|  58|0x0000000085200000, 0x0000000085300000, 0x0000000085300000|100%| O|  |TAMS 0x0000000085200000, 0x0000000085200000| Untracked 
|  59|0x0000000085300000, 0x0000000085400000, 0x0000000085400000|100%| O|  |TAMS 0x0000000085300000, 0x0000000085300000| Untracked 
|  60|0x0000000085400000, 0x0000000085500000, 0x0000000085500000|100%| O|  |TAMS 0x0000000085400000, 0x0000000085400000| Untracked 
|  61|0x0000000085500000, 0x0000000085600000, 0x0000000085600000|100%| O|  |TAMS 0x0000000085500000, 0x0000000085500000| Untracked 
|  62|0x0000000085600000, 0x0000000085700000, 0x0000000085700000|100%| O|  |TAMS 0x0000000085600000, 0x0000000085600000| Untracked 
|  63|0x0000000085700000, 0x0000000085800000, 0x0000000085800000|100%| O|  |TAMS 0x0000000085700000, 0x0000000085700000| Untracked 
|  64|0x0000000085800000, 0x0000000085874400, 0x0000000085900000| 45%| O|  |TAMS 0x0000000085800000, 0x0000000085800000| Untracked 
|  65|0x0000000085900000, 0x0000000085900000, 0x0000000085a00000|  0%| F|  |TAMS 0x0000000085900000, 0x0000000085900000| Untracked 
|  66|0x0000000085a00000, 0x0000000085a00000, 0x0000000085b00000|  0%| F|  |TAMS 0x0000000085a00000, 0x0000000085a00000| Untracked 
|  67|0x0000000085b00000, 0x0000000085b00000, 0x0000000085c00000|  0%| F|  |TAMS 0x0000000085b00000, 0x0000000085b00000| Untracked 
|  68|0x0000000085c00000, 0x0000000085c00000, 0x0000000085d00000|  0%| F|  |TAMS 0x0000000085c00000, 0x0000000085c00000| Untracked 
|  69|0x0000000085d00000, 0x0000000085d00000, 0x0000000085e00000|  0%| F|  |TAMS 0x0000000085d00000, 0x0000000085d00000| Untracked 
|  70|0x0000000085e00000, 0x0000000085e00000, 0x0000000085f00000|  0%| F|  |TAMS 0x0000000085e00000, 0x0000000085e00000| Untracked 
|  71|0x0000000085f00000, 0x0000000085f00000, 0x0000000086000000|  0%| F|  |TAMS 0x0000000085f00000, 0x0000000085f00000| Untracked 
|  72|0x0000000086000000, 0x0000000086000000, 0x0000000086100000|  0%| F|  |TAMS 0x0000000086000000, 0x0000000086000000| Untracked 
|  73|0x0000000086100000, 0x0000000086100000, 0x0000000086200000|  0%| F|  |TAMS 0x0000000086100000, 0x0000000086100000| Untracked 
|  74|0x0000000086200000, 0x0000000086200000, 0x0000000086300000|  0%| F|  |TAMS 0x0000000086200000, 0x0000000086200000| Untracked 
|  75|0x0000000086300000, 0x0000000086300000, 0x0000000086400000|  0%| F|  |TAMS 0x0000000086300000, 0x0000000086300000| Untracked 
|  76|0x0000000086400000, 0x0000000086400000, 0x0000000086500000|  0%| F|  |TAMS 0x0000000086400000, 0x0000000086400000| Untracked 
|  77|0x0000000086500000, 0x0000000086500000, 0x0000000086600000|  0%| F|  |TAMS 0x0000000086500000, 0x0000000086500000| Untracked 
|  78|0x0000000086600000, 0x0000000086600000, 0x0000000086700000|  0%| F|  |TAMS 0x0000000086600000, 0x0000000086600000| Untracked 
|  79|0x0000000086700000, 0x0000000086700000, 0x0000000086800000|  0%| F|  |TAMS 0x0000000086700000, 0x0000000086700000| Untracked 
|  80|0x0000000086800000, 0x0000000086800000, 0x0000000086900000|  0%| F|  |TAMS 0x0000000086800000, 0x0000000086800000| Untracked 
|  81|0x0000000086900000, 0x0000000086900000, 0x0000000086a00000|  0%| F|  |TAMS 0x0000000086900000, 0x0000000086900000| Untracked 
|  82|0x0000000086a00000, 0x0000000086a00000, 0x0000000086b00000|  0%| F|  |TAMS 0x0000000086a00000, 0x0000000086a00000| Untracked 
|  83|0x0000000086b00000, 0x0000000086b00000, 0x0000000086c00000|  0%| F|  |TAMS 0x0000000086b00000, 0x0000000086b00000| Untracked 
|  84|0x0000000086c00000, 0x0000000086c00000, 0x0000000086d00000|  0%| F|  |TAMS 0x0000000086c00000, 0x0000000086c00000| Untracked 
|  85|0x0000000086d00000, 0x0000000086d00000, 0x0000000086e00000|  0%| F|  |TAMS 0x0000000086d00000, 0x0000000086d00000| Untracked 
|  86|0x0000000086e00000, 0x0000000086e00000, 0x0000000086f00000|  0%| F|  |TAMS 0x0000000086e00000, 0x0000000086e00000| Untracked 
|  87|0x0000000086f00000, 0x0000000086f00000, 0x0000000087000000|  0%| F|  |TAMS 0x0000000086f00000, 0x0000000086f00000| Untracked 
|  88|0x0000000087000000, 0x0000000087000000, 0x0000000087100000|  0%| F|  |TAMS 0x0000000087000000, 0x0000000087000000| Untracked 
|  89|0x0000000087100000, 0x0000000087100000, 0x0000000087200000|  0%| F|  |TAMS 0x0000000087100000, 0x0000000087100000| Untracked 
|  90|0x0000000087200000, 0x0000000087200000, 0x0000000087300000|  0%| F|  |TAMS 0x0000000087200000, 0x0000000087200000| Untracked 
|  91|0x0000000087300000, 0x0000000087300000, 0x0000000087400000|  0%| F|  |TAMS 0x0000000087300000, 0x0000000087300000| Untracked 
|  92|0x0000000087400000, 0x0000000087400000, 0x0000000087500000|  0%| F|  |TAMS 0x0000000087400000, 0x0000000087400000| Untracked 
|  93|0x0000000087500000, 0x0000000087500000, 0x0000000087600000|  0%| F|  |TAMS 0x0000000087500000, 0x0000000087500000| Untracked 
|  94|0x0000000087600000, 0x0000000087600000, 0x0000000087700000|  0%| F|  |TAMS 0x0000000087600000, 0x0000000087600000| Untracked 
|  95|0x0000000087700000, 0x0000000087700000, 0x0000000087800000|  0%| F|  |TAMS 0x0000000087700000, 0x0000000087700000| Untracked 
|  96|0x0000000087800000, 0x0000000087800000, 0x0000000087900000|  0%| F|  |TAMS 0x0000000087800000, 0x0000000087800000| Untracked 
|  97|0x0000000087900000, 0x0000000087900000, 0x0000000087a00000|  0%| F|  |TAMS 0x0000000087900000, 0x0000000087900000| Untracked 
|  98|0x0000000087a00000, 0x0000000087a00000, 0x0000000087b00000|  0%| F|  |TAMS 0x0000000087a00000, 0x0000000087a00000| Untracked 
|  99|0x0000000087b00000, 0x0000000087b00000, 0x0000000087c00000|  0%| F|  |TAMS 0x0000000087b00000, 0x0000000087b00000| Untracked 
| 100|0x0000000087c00000, 0x0000000087c00000, 0x0000000087d00000|  0%| F|  |TAMS 0x0000000087c00000, 0x0000000087c00000| Untracked 
| 101|0x0000000087d00000, 0x0000000087d00000, 0x0000000087e00000|  0%| F|  |TAMS 0x0000000087d00000, 0x0000000087d00000| Untracked 
| 102|0x0000000087e00000, 0x0000000087f00000, 0x0000000087f00000|100%| S|CS|TAMS 0x0000000087e00000, 0x0000000087e00000| Complete 
| 103|0x0000000087f00000, 0x0000000088000000, 0x0000000088000000|100%| S|CS|TAMS 0x0000000087f00000, 0x0000000087f00000| Complete 
| 104|0x0000000088000000, 0x0000000088000000, 0x0000000088100000|  0%| F|  |TAMS 0x0000000088000000, 0x0000000088000000| Untracked 
| 105|0x0000000088100000, 0x0000000088100000, 0x0000000088200000|  0%| F|  |TAMS 0x0000000088100000, 0x0000000088100000| Untracked 
| 106|0x0000000088200000, 0x0000000088200000, 0x0000000088300000|  0%| F|  |TAMS 0x0000000088200000, 0x0000000088200000| Untracked 
| 107|0x0000000088300000, 0x0000000088300000, 0x0000000088400000|  0%| F|  |TAMS 0x0000000088300000, 0x0000000088300000| Untracked 
| 108|0x0000000088400000, 0x0000000088400000, 0x0000000088500000|  0%| F|  |TAMS 0x0000000088400000, 0x0000000088400000| Untracked 
| 109|0x0000000088500000, 0x0000000088500000, 0x0000000088600000|  0%| F|  |TAMS 0x0000000088500000, 0x0000000088500000| Untracked 
| 110|0x0000000088600000, 0x0000000088600000, 0x0000000088700000|  0%| F|  |TAMS 0x0000000088600000, 0x0000000088600000| Untracked 
| 111|0x0000000088700000, 0x0000000088700000, 0x0000000088800000|  0%| F|  |TAMS 0x0000000088700000, 0x0000000088700000| Untracked 
| 112|0x0000000088800000, 0x0000000088800000, 0x0000000088900000|  0%| F|  |TAMS 0x0000000088800000, 0x0000000088800000| Untracked 
| 113|0x0000000088900000, 0x0000000088900000, 0x0000000088a00000|  0%| F|  |TAMS 0x0000000088900000, 0x0000000088900000| Untracked 
| 114|0x0000000088a00000, 0x0000000088a00000, 0x0000000088b00000|  0%| F|  |TAMS 0x0000000088a00000, 0x0000000088a00000| Untracked 
| 115|0x0000000088b00000, 0x0000000088b00000, 0x0000000088c00000|  0%| F|  |TAMS 0x0000000088b00000, 0x0000000088b00000| Untracked 
| 116|0x0000000088c00000, 0x0000000088c00000, 0x0000000088d00000|  0%| F|  |TAMS 0x0000000088c00000, 0x0000000088c00000| Untracked 
| 117|0x0000000088d00000, 0x0000000088d00000, 0x0000000088e00000|  0%| F|  |TAMS 0x0000000088d00000, 0x0000000088d00000| Untracked 
| 118|0x0000000088e00000, 0x0000000088e00000, 0x0000000088f00000|  0%| F|  |TAMS 0x0000000088e00000, 0x0000000088e00000| Untracked 
| 119|0x0000000088f00000, 0x0000000088f00000, 0x0000000089000000|  0%| F|  |TAMS 0x0000000088f00000, 0x0000000088f00000| Untracked 
| 120|0x0000000089000000, 0x0000000089000000, 0x0000000089100000|  0%| F|  |TAMS 0x0000000089000000, 0x0000000089000000| Untracked 
| 121|0x0000000089100000, 0x0000000089100000, 0x0000000089200000|  0%| F|  |TAMS 0x0000000089100000, 0x0000000089100000| Untracked 
| 122|0x0000000089200000, 0x0000000089200000, 0x0000000089300000|  0%| F|  |TAMS 0x0000000089200000, 0x0000000089200000| Untracked 
| 123|0x0000000089300000, 0x0000000089300000, 0x0000000089400000|  0%| F|  |TAMS 0x0000000089300000, 0x0000000089300000| Untracked 
| 124|0x0000000089400000, 0x0000000089400000, 0x0000000089500000|  0%| F|  |TAMS 0x0000000089400000, 0x0000000089400000| Untracked 
| 125|0x0000000089500000, 0x0000000089500000, 0x0000000089600000|  0%| F|  |TAMS 0x0000000089500000, 0x0000000089500000| Untracked 
| 126|0x0000000089600000, 0x0000000089600000, 0x0000000089700000|  0%| F|  |TAMS 0x0000000089600000, 0x0000000089600000| Untracked 
| 127|0x0000000089700000, 0x0000000089700000, 0x0000000089800000|  0%| F|  |TAMS 0x0000000089700000, 0x0000000089700000| Untracked 
| 128|0x0000000089800000, 0x0000000089800000, 0x0000000089900000|  0%| F|  |TAMS 0x0000000089800000, 0x0000000089800000| Untracked 
| 129|0x0000000089900000, 0x0000000089900000, 0x0000000089a00000|  0%| F|  |TAMS 0x0000000089900000, 0x0000000089900000| Untracked 
| 130|0x0000000089a00000, 0x0000000089a00000, 0x0000000089b00000|  0%| F|  |TAMS 0x0000000089a00000, 0x0000000089a00000| Untracked 
| 131|0x0000000089b00000, 0x0000000089b00000, 0x0000000089c00000|  0%| F|  |TAMS 0x0000000089b00000, 0x0000000089b00000| Untracked 
| 132|0x0000000089c00000, 0x0000000089c00000, 0x0000000089d00000|  0%| F|  |TAMS 0x0000000089c00000, 0x0000000089c00000| Untracked 
| 133|0x0000000089d00000, 0x0000000089d00000, 0x0000000089e00000|  0%| F|  |TAMS 0x0000000089d00000, 0x0000000089d00000| Untracked 
| 134|0x0000000089e00000, 0x0000000089e00000, 0x0000000089f00000|  0%| F|  |TAMS 0x0000000089e00000, 0x0000000089e00000| Untracked 
| 135|0x0000000089f00000, 0x0000000089f00000, 0x000000008a000000|  0%| F|  |TAMS 0x0000000089f00000, 0x0000000089f00000| Untracked 
| 136|0x000000008a000000, 0x000000008a000000, 0x000000008a100000|  0%| F|  |TAMS 0x000000008a000000, 0x000000008a000000| Untracked 
| 137|0x000000008a100000, 0x000000008a100000, 0x000000008a200000|  0%| F|  |TAMS 0x000000008a100000, 0x000000008a100000| Untracked 
| 138|0x000000008a200000, 0x000000008a200000, 0x000000008a300000|  0%| F|  |TAMS 0x000000008a200000, 0x000000008a200000| Untracked 
| 139|0x000000008a300000, 0x000000008a400000, 0x000000008a400000|100%| E|  |TAMS 0x000000008a300000, 0x000000008a300000| Complete 
| 140|0x000000008a400000, 0x000000008a500000, 0x000000008a500000|100%| E|CS|TAMS 0x000000008a400000, 0x000000008a400000| Complete 
| 141|0x000000008a500000, 0x000000008a600000, 0x000000008a600000|100%| E|CS|TAMS 0x000000008a500000, 0x000000008a500000| Complete 
| 142|0x000000008a600000, 0x000000008a700000, 0x000000008a700000|100%| E|CS|TAMS 0x000000008a600000, 0x000000008a600000| Complete 
| 143|0x000000008a700000, 0x000000008a800000, 0x000000008a800000|100%| E|CS|TAMS 0x000000008a700000, 0x000000008a700000| Complete 
| 144|0x000000008a800000, 0x000000008a900000, 0x000000008a900000|100%| E|CS|TAMS 0x000000008a800000, 0x000000008a800000| Complete 
| 145|0x000000008a900000, 0x000000008aa00000, 0x000000008aa00000|100%| E|CS|TAMS 0x000000008a900000, 0x000000008a900000| Complete 
| 146|0x000000008aa00000, 0x000000008ab00000, 0x000000008ab00000|100%| E|CS|TAMS 0x000000008aa00000, 0x000000008aa00000| Complete 
| 147|0x000000008ab00000, 0x000000008ac00000, 0x000000008ac00000|100%| E|CS|TAMS 0x000000008ab00000, 0x000000008ab00000| Complete 
| 148|0x000000008ac00000, 0x000000008ad00000, 0x000000008ad00000|100%| E|CS|TAMS 0x000000008ac00000, 0x000000008ac00000| Complete 
| 149|0x000000008ad00000, 0x000000008ae00000, 0x000000008ae00000|100%| E|CS|TAMS 0x000000008ad00000, 0x000000008ad00000| Complete 
| 150|0x000000008ae00000, 0x000000008af00000, 0x000000008af00000|100%| E|CS|TAMS 0x000000008ae00000, 0x000000008ae00000| Complete 
| 151|0x000000008af00000, 0x000000008b000000, 0x000000008b000000|100%| E|CS|TAMS 0x000000008af00000, 0x000000008af00000| Complete 
| 152|0x000000008b000000, 0x000000008b100000, 0x000000008b100000|100%| E|CS|TAMS 0x000000008b000000, 0x000000008b000000| Complete 
| 153|0x000000008b100000, 0x000000008b200000, 0x000000008b200000|100%| E|CS|TAMS 0x000000008b100000, 0x000000008b100000| Complete 
| 154|0x000000008b200000, 0x000000008b300000, 0x000000008b300000|100%| E|CS|TAMS 0x000000008b200000, 0x000000008b200000| Complete 
| 155|0x000000008b300000, 0x000000008b400000, 0x000000008b400000|100%| E|CS|TAMS 0x000000008b300000, 0x000000008b300000| Complete 
| 156|0x000000008b400000, 0x000000008b500000, 0x000000008b500000|100%| E|CS|TAMS 0x000000008b400000, 0x000000008b400000| Complete 
| 157|0x000000008b500000, 0x000000008b600000, 0x000000008b600000|100%| E|CS|TAMS 0x000000008b500000, 0x000000008b500000| Complete 
| 158|0x000000008b600000, 0x000000008b700000, 0x000000008b700000|100%| E|CS|TAMS 0x000000008b600000, 0x000000008b600000| Complete 
| 159|0x000000008b700000, 0x000000008b800000, 0x000000008b800000|100%| E|CS|TAMS 0x000000008b700000, 0x000000008b700000| Complete 
| 160|0x000000008b800000, 0x000000008b900000, 0x000000008b900000|100%| E|CS|TAMS 0x000000008b800000, 0x000000008b800000| Complete 
| 161|0x000000008b900000, 0x000000008ba00000, 0x000000008ba00000|100%| E|  |TAMS 0x000000008b900000, 0x000000008b900000| Complete 
| 162|0x000000008ba00000, 0x000000008bb00000, 0x000000008bb00000|100%| E|CS|TAMS 0x000000008ba00000, 0x000000008ba00000| Complete 
|2023|0x00000000fff00000, 0x0000000100000000, 0x0000000100000000|100%| O|  |TAMS 0x0000000100000000, 0x00000000fff00000| Untracked 

Card table byte_map: [0x000002763e330000,0x000002763e730000] _byte_map_base: 0x000002763df24000

Marking Bits (Prev, Next): (CMBitMap*) 0x0000027629ca8f30, (CMBitMap*) 0x0000027629ca8ef0
 Prev Bits: [0x0000027640ad0000, 0x0000027642a70000)
 Next Bits: [0x000002763eb30000, 0x0000027640ad0000)

Polling page: 0x0000027629d10000

Metaspace:

Usage:
  Non-class:     72.33 MB used.
      Class:      9.20 MB used.
       Both:     81.52 MB used.

Virtual space:
  Non-class space:      128.00 MB reserved,      72.50 MB ( 57%) committed,  2 nodes.
      Class space:        1.00 GB reserved,       9.31 MB ( <1%) committed,  1 nodes.
             Both:        1.12 GB reserved,      81.81 MB (  7%) committed. 

Chunk freelists:
   Non-Class:  7.53 MB
       Class:  6.67 MB
        Both:  14.20 MB

MaxMetaspaceSize: unlimited
CompressedClassSpaceSize: 1.00 GB
Initial GC threshold: 21.00 MB
Current GC threshold: 89.94 MB
CDS: off
MetaspaceReclaimPolicy: balanced
 - commit_granule_bytes: 65536.
 - commit_granule_words: 8192.
 - virtual_space_node_default_size: 8388608.
 - enlarge_chunks_in_place: 1.
 - new_chunks_are_fully_committed: 0.
 - uncommit_free_chunks: 1.
 - use_allocation_guard: 0.
 - handle_deallocations: 1.


Internal statistics:

num_allocs_failed_limit: 9.
num_arena_births: 294.
num_arena_deaths: 0.
num_vsnodes_births: 3.
num_vsnodes_deaths: 0.
num_space_committed: 1307.
num_space_uncommitted: 0.
num_chunks_returned_to_freelist: 9.
num_chunks_taken_from_freelist: 2937.
num_chunk_merges: 6.
num_chunk_splits: 2462.
num_chunks_enlarged: 2241.
num_inconsistent_stats: 0.

CodeHeap 'non-profiled nmethods': size=120000Kb used=4731Kb max_used=4851Kb free=115269Kb
 bounds [0x00000276363d0000, 0x0000027636890000, 0x000002763d900000]
CodeHeap 'profiled nmethods': size=120000Kb used=25884Kb max_used=26990Kb free=94115Kb
 bounds [0x000002762e900000, 0x0000027630370000, 0x0000027635e30000]
CodeHeap 'non-nmethods': size=5760Kb used=1397Kb max_used=1499Kb free=4362Kb
 bounds [0x0000027635e30000, 0x00000276360a0000, 0x00000276363d0000]
 total_blobs=10657 nmethods=9932 adapters=634
 compilation: enabled
              stopped_count=0, restarted_count=0
 full_count=0

Compilation events (20 events):
Event: 12.976 Thread 0x0000027645251e00 nmethod 11948 0x000002762f232690 code [0x000002762f232820, 0x000002762f232918]
Event: 12.976 Thread 0x0000027645251e00 11949       2       org.jetbrains.kotlin.resolve.scopes.LazyScopeAdapter$lazyScope$1::<init> (11 bytes)
Event: 12.977 Thread 0x0000027645251e00 nmethod 11949 0x000002762ffea390 code [0x000002762ffea520, 0x000002762ffea678]
Event: 12.977 Thread 0x0000027645251e00 11950       1       org.jetbrains.kotlin.backend.jvm.mapping.IrTypeMapper::getTypeSystem (5 bytes)
Event: 12.977 Thread 0x0000027645251e00 nmethod 11950 0x000002763665cd90 code [0x000002763665cf20, 0x000002763665cff8]
Event: 12.978 Thread 0x0000027645251e00 11951       2       org.jetbrains.kotlin.backend.jvm.ir.JvmIrUtilsKt::getFileParent (43 bytes)
Event: 12.978 Thread 0x0000027645251e00 nmethod 11951 0x000002762ffc1e10 code [0x000002762ffc2040, 0x000002762ffc2568]
Event: 12.981 Thread 0x0000027645251e00 11952       2       org.jetbrains.kotlin.codegen.optimization.fixStack.FastStackAnalyzer::visitOpInsn (10 bytes)
Event: 12.981 Thread 0x0000027645251e00 nmethod 11952 0x000002763005ed90 code [0x000002763005ef40, 0x000002763005f0b8]
Event: 12.981 Thread 0x0000027645251e00 11953       1       org.jetbrains.kotlin.codegen.inline.SourcePosition::getLine (5 bytes)
Event: 12.981 Thread 0x0000027645251e00 nmethod 11953 0x000002763665ca90 code [0x000002763665cc20, 0x000002763665ccf8]
Event: 12.982 Thread 0x0000027645251e00 11954       2       org.jetbrains.kotlin.codegen.optimization.common.UtilKt::removeUnusedLocalVariables (472 bytes)
Event: 12.983 Thread 0x0000027645251e00 nmethod 11954 0x000002762febb710 code [0x000002762febba20, 0x000002762febc9c8]
Event: 12.983 Thread 0x0000027645251e00 11955       1       org.jetbrains.kotlin.codegen.inline.MaxStackFrameSizeAndLocalsCalculator$LabelWrapper::access$000 (5 bytes)
Event: 12.983 Thread 0x0000027645251e00 nmethod 11955 0x000002763665c790 code [0x000002763665c920, 0x000002763665c9d8]
Event: 12.984 Thread 0x0000027645251e00 11956       2       org.jetbrains.org.objectweb.asm.tree.MethodNode::visitLocalVariable (40 bytes)
Event: 12.985 Thread 0x0000027645251e00 nmethod 11956 0x000002762fdae010 code [0x000002762fdae200, 0x000002762fdae7a8]
Event: 12.985 Thread 0x0000027645251e00 11957       2       org.jetbrains.org.objectweb.asm.commons.Method::getReturnType (8 bytes)
Event: 12.985 Thread 0x0000027645251e00 nmethod 11957 0x000002762f283290 code [0x000002762f283440, 0x000002762f2835b8]
Event: 12.986 Thread 0x0000027645251e00 11958       2       org.jetbrains.org.objectweb.asm.commons.InstructionAdapter::visitMethodInsn (127 bytes)

GC Heap History (20 events):
Event: 3.894 GC heap before
{Heap before GC invocations=17 (full 0):
 garbage-first heap   total 60416K, used 34358K [0x0000000081800000, 0x0000000100000000)
  region size 1024K, 3 young (3072K), 2 survivors (2048K)
 Metaspace       used 49771K, committed 49984K, reserved 1114112K
  class space    used 6050K, committed 6144K, reserved 1048576K
}
Event: 3.903 GC heap after
{Heap after GC invocations=18 (full 0):
 garbage-first heap   total 73728K, used 31531K [0x0000000081800000, 0x0000000100000000)
  region size 1024K, 1 young (1024K), 1 survivors (1024K)
 Metaspace       used 49771K, committed 49984K, reserved 1114112K
  class space    used 6050K, committed 6144K, reserved 1048576K
}
Event: 4.652 GC heap before
{Heap before GC invocations=18 (full 0):
 garbage-first heap   total 73728K, used 54059K [0x0000000081800000, 0x0000000100000000)
  region size 1024K, 23 young (23552K), 1 survivors (1024K)
 Metaspace       used 53943K, committed 54144K, reserved 1114112K
  class space    used 6458K, committed 6528K, reserved 1048576K
}
Event: 4.662 GC heap after
{Heap after GC invocations=19 (full 0):
 garbage-first heap   total 73728K, used 34551K [0x0000000081800000, 0x0000000100000000)
  region size 1024K, 3 young (3072K), 3 survivors (3072K)
 Metaspace       used 53943K, committed 54144K, reserved 1114112K
  class space    used 6458K, committed 6528K, reserved 1048576K
}
Event: 5.245 GC heap before
{Heap before GC invocations=19 (full 0):
 garbage-first heap   total 73728K, used 56055K [0x0000000081800000, 0x0000000100000000)
  region size 1024K, 24 young (24576K), 3 survivors (3072K)
 Metaspace       used 54623K, committed 54848K, reserved 1114112K
  class space    used 6475K, committed 6592K, reserved 1048576K
}
Event: 5.256 GC heap after
{Heap after GC invocations=20 (full 0):
 garbage-first heap   total 73728K, used 38472K [0x0000000081800000, 0x0000000100000000)
  region size 1024K, 3 young (3072K), 3 survivors (3072K)
 Metaspace       used 54623K, committed 54848K, reserved 1114112K
  class space    used 6475K, committed 6592K, reserved 1048576K
}
Event: 5.530 GC heap before
{Heap before GC invocations=20 (full 0):
 garbage-first heap   total 73728K, used 56904K [0x0000000081800000, 0x0000000100000000)
  region size 1024K, 21 young (21504K), 3 survivors (3072K)
 Metaspace       used 54867K, committed 55104K, reserved 1114112K
  class space    used 6491K, committed 6592K, reserved 1048576K
}
Event: 5.546 GC heap after
{Heap after GC invocations=21 (full 0):
 garbage-first heap   total 73728K, used 42210K [0x0000000081800000, 0x0000000100000000)
  region size 1024K, 3 young (3072K), 3 survivors (3072K)
 Metaspace       used 54867K, committed 55104K, reserved 1114112K
  class space    used 6491K, committed 6592K, reserved 1048576K
}
Event: 5.676 GC heap before
{Heap before GC invocations=21 (full 0):
 garbage-first heap   total 83968K, used 56546K [0x0000000081800000, 0x0000000100000000)
  region size 1024K, 17 young (17408K), 3 survivors (3072K)
 Metaspace       used 55052K, committed 55232K, reserved 1114112K
  class space    used 6510K, committed 6592K, reserved 1048576K
}
Event: 5.686 GC heap after
{Heap after GC invocations=22 (full 0):
 garbage-first heap   total 167936K, used 43187K [0x0000000081800000, 0x0000000100000000)
  region size 1024K, 1 young (1024K), 1 survivors (1024K)
 Metaspace       used 55052K, committed 55232K, reserved 1114112K
  class space    used 6510K, committed 6592K, reserved 1048576K
}
Event: 7.853 GC heap before
{Heap before GC invocations=23 (full 0):
 garbage-first heap   total 167936K, used 115891K [0x0000000081800000, 0x0000000100000000)
  region size 1024K, 72 young (73728K), 1 survivors (1024K)
 Metaspace       used 62592K, committed 62784K, reserved 1114112K
  class space    used 7465K, committed 7552K, reserved 1048576K
}
Event: 7.871 GC heap after
{Heap after GC invocations=24 (full 0):
 garbage-first heap   total 167936K, used 51081K [0x0000000081800000, 0x0000000100000000)
  region size 1024K, 9 young (9216K), 9 survivors (9216K)
 Metaspace       used 62592K, committed 62784K, reserved 1114112K
  class space    used 7465K, committed 7552K, reserved 1048576K
}
Event: 7.916 GC heap before
{Heap before GC invocations=24 (full 0):
 garbage-first heap   total 167936K, used 52105K [0x0000000081800000, 0x0000000100000000)
  region size 1024K, 10 young (10240K), 9 survivors (9216K)
 Metaspace       used 62594K, committed 62784K, reserved 1114112K
  class space    used 7466K, committed 7552K, reserved 1048576K
}
Event: 7.930 GC heap after
{Heap after GC invocations=25 (full 0):
 garbage-first heap   total 167936K, used 51186K [0x0000000081800000, 0x0000000100000000)
  region size 1024K, 1 young (1024K), 1 survivors (1024K)
 Metaspace       used 62594K, committed 62784K, reserved 1114112K
  class space    used 7466K, committed 7552K, reserved 1048576K
}
Event: 10.702 GC heap before
{Heap before GC invocations=25 (full 0):
 garbage-first heap   total 167936K, used 121842K [0x0000000081800000, 0x0000000100000000)
  region size 1024K, 70 young (71680K), 1 survivors (1024K)
 Metaspace       used 70322K, committed 70592K, reserved 1114112K
  class space    used 8145K, committed 8256K, reserved 1048576K
}
Event: 10.719 GC heap after
{Heap after GC invocations=26 (full 0):
 garbage-first heap   total 167936K, used 60350K [0x0000000081800000, 0x0000000100000000)
  region size 1024K, 9 young (9216K), 9 survivors (9216K)
 Metaspace       used 70322K, committed 70592K, reserved 1114112K
  class space    used 8145K, committed 8256K, reserved 1048576K
}
Event: 11.767 GC heap before
{Heap before GC invocations=26 (full 0):
 garbage-first heap   total 167936K, used 123838K [0x0000000081800000, 0x0000000100000000)
  region size 1024K, 71 young (72704K), 9 survivors (9216K)
 Metaspace       used 78660K, committed 78848K, reserved 1179648K
  class space    used 9010K, committed 9088K, reserved 1048576K
}
Event: 11.788 GC heap after
{Heap after GC invocations=27 (full 0):
 garbage-first heap   total 167936K, used 66428K [0x0000000081800000, 0x0000000100000000)
  region size 1024K, 6 young (6144K), 6 survivors (6144K)
 Metaspace       used 78660K, committed 78848K, reserved 1179648K
  class space    used 9010K, committed 9088K, reserved 1048576K
}
Event: 12.580 GC heap before
{Heap before GC invocations=27 (full 0):
 garbage-first heap   total 167936K, used 126844K [0x0000000081800000, 0x0000000100000000)
  region size 1024K, 65 young (66560K), 6 survivors (6144K)
 Metaspace       used 81931K, committed 82240K, reserved 1179648K
  class space    used 9308K, committed 9408K, reserved 1048576K
}
Event: 12.591 GC heap after
{Heap after GC invocations=28 (full 0):
 garbage-first heap   total 167936K, used 69007K [0x0000000081800000, 0x0000000100000000)
  region size 1024K, 2 young (2048K), 2 survivors (2048K)
 Metaspace       used 81931K, committed 82240K, reserved 1179648K
  class space    used 9308K, committed 9408K, reserved 1048576K
}

Dll operation events (2 events):
Event: 0.011 Loaded shared library C:\Program Files\Android\Android Studio\jbr\bin\java.dll
Event: 1.452 Loaded shared library C:\Program Files\Android\Android Studio\jbr\bin\verify.dll

Deoptimization events (20 events):
Event: 12.671 Thread 0x0000027629c4de30 Uncommon trap: trap_request=0xffffffc6 fr.pc=0x00000276366ceac4 relative=0x0000000000001264
Event: 12.671 Thread 0x0000027629c4de30 Uncommon trap: reason=bimorphic_or_optimized_type_check action=maybe_recompile pc=0x00000276366ceac4 method=org.jetbrains.kotlin.ir.types.IrTypePredicatesKt.hasFqNameEqualToSignature(Lorg/jetbrains/kotlin/ir/declarations/IrClass;Lorg/jetbrains/kotlin/ir/u
Event: 12.671 Thread 0x0000027629c4de30 DEOPT PACKING pc=0x00000276366ceac4 sp=0x00000082559fc000
Event: 12.671 Thread 0x0000027629c4de30 DEOPT UNPACKING pc=0x0000027635e869a3 sp=0x00000082559fbf60 mode 2
Event: 12.700 Thread 0x0000027629c4de30 Uncommon trap: trap_request=0xffffffc6 fr.pc=0x00000276366b8e70 relative=0x0000000000001030
Event: 12.700 Thread 0x0000027629c4de30 Uncommon trap: reason=bimorphic_or_optimized_type_check action=maybe_recompile pc=0x00000276366b8e70 method=org.jetbrains.kotlin.ir.types.IrTypePredicatesKt.hasFqNameEqualToSignature(Lorg/jetbrains/kotlin/ir/declarations/IrClass;Lorg/jetbrains/kotlin/ir/u
Event: 12.700 Thread 0x0000027629c4de30 DEOPT PACKING pc=0x00000276366b8e70 sp=0x00000082559fc490
Event: 12.700 Thread 0x0000027629c4de30 DEOPT UNPACKING pc=0x0000027635e869a3 sp=0x00000082559fc470 mode 2
Event: 12.908 Thread 0x0000027629c4de30 Uncommon trap: trap_request=0xffffffc6 fr.pc=0x000002763671c83c relative=0x0000000000000e9c
Event: 12.908 Thread 0x0000027629c4de30 Uncommon trap: reason=bimorphic_or_optimized_type_check action=maybe_recompile pc=0x000002763671c83c method=org.jetbrains.kotlin.storage.LockBasedStorageManager$MapBasedMemoizedFunction.invoke(Ljava/lang/Object;)Ljava/lang/Object; @ 235 c2
Event: 12.908 Thread 0x0000027629c4de30 DEOPT PACKING pc=0x000002763671c83c sp=0x00000082559fda30
Event: 12.908 Thread 0x0000027629c4de30 DEOPT UNPACKING pc=0x0000027635e869a3 sp=0x00000082559fd9e0 mode 2
Event: 12.914 Thread 0x0000027629c4de30 Uncommon trap: trap_request=0xffffffc6 fr.pc=0x0000027636790104 relative=0x0000000000001d24
Event: 12.914 Thread 0x0000027629c4de30 Uncommon trap: reason=bimorphic_or_optimized_type_check action=maybe_recompile pc=0x0000027636790104 method=org.jetbrains.org.objectweb.asm.ClassReader.readElementValue(Lorg/jetbrains/org/objectweb/asm/AnnotationVisitor;ILjava/lang/String;[C)I @ 556 c2
Event: 12.914 Thread 0x0000027629c4de30 DEOPT PACKING pc=0x0000027636790104 sp=0x00000082559fc6f0
Event: 12.914 Thread 0x0000027629c4de30 DEOPT UNPACKING pc=0x0000027635e869a3 sp=0x00000082559fc678 mode 2
Event: 12.980 Thread 0x0000027629c4de30 Uncommon trap: trap_request=0xffffffde fr.pc=0x0000027636675668 relative=0x00000000000000c8
Event: 12.980 Thread 0x0000027629c4de30 Uncommon trap: reason=class_check action=maybe_recompile pc=0x0000027636675668 method=org.jetbrains.kotlin.ir.symbols.impl.IrSymbolBase.getDescriptor()Lorg/jetbrains/kotlin/descriptors/DeclarationDescriptor; @ 19 c2
Event: 12.980 Thread 0x0000027629c4de30 DEOPT PACKING pc=0x0000027636675668 sp=0x00000082559fd010
Event: 12.980 Thread 0x0000027629c4de30 DEOPT UNPACKING pc=0x0000027635e869a3 sp=0x00000082559fcfa8 mode 2

Classes unloaded (0 events):
No events

Classes redefined (0 events):
No events

Internal exceptions (20 events):
Event: 5.202 Thread 0x0000027629c4de30 Implicit null exception at 0x000002763641928e to 0x0000027636419510
Event: 5.932 Thread 0x0000027629c4de30 Exception <a 'java/lang/NoSuchMethodError'{0x000000008a77ab60}: 'java.lang.Object java.lang.invoke.DirectMethodHandle$Holder.invokeStatic(java.lang.Object, java.lang.Object, java.lang.Object, java.lang.Object, int)'> (0x000000008a77ab60) 
thrown [s\src\hotspot\share\interpreter\linkResolver.cpp, line 771]
Event: 5.933 Thread 0x0000027629c4de30 Exception <a 'java/lang/NoSuchMethodError'{0x000000008a784ab8}: 'java.lang.Object java.lang.invoke.DirectMethodHandle$Holder.newInvokeSpecial(java.lang.Object, java.lang.Object, java.lang.Object, java.lang.Object, int)'> (0x000000008a784ab8) 
thrown [s\src\hotspot\share\interpreter\linkResolver.cpp, line 771]
Event: 5.934 Thread 0x0000027629c4de30 Exception <a 'java/lang/NoSuchMethodError'{0x000000008a78cb88}: 'java.lang.Object java.lang.invoke.Invokers$Holder.linkToTargetMethod(java.lang.Object, java.lang.Object, java.lang.Object, int, java.lang.Object)'> (0x000000008a78cb88) 
thrown [s\src\hotspot\share\interpreter\linkResolver.cpp, line 771]
Event: 5.989 Thread 0x0000027629c4de30 Exception <a 'java/lang/NoSuchMethodError'{0x000000008a53b608}: 'void java.lang.invoke.DirectMethodHandle$Holder.invokeInterface(java.lang.Object, java.lang.Object)'> (0x000000008a53b608) 
thrown [s\src\hotspot\share\interpreter\linkResolver.cpp, line 771]
Event: 6.042 Thread 0x0000027629c4de30 Exception <a 'java/lang/IncompatibleClassChangeError'{0x000000008a48a8e8}: Found class java.lang.Object, but interface was expected> (0x000000008a48a8e8) 
thrown [s\src\hotspot\share\interpreter\linkResolver.cpp, line 838]
Event: 6.051 Thread 0x0000027629c4de30 Implicit null exception at 0x00000276364e07cc to 0x00000276364e08c0
Event: 6.444 Thread 0x0000027629c4de30 Exception <a 'java/lang/NoSuchMethodError'{0x000000008938afd8}: 'java.lang.Object java.lang.invoke.DirectMethodHandle$Holder.newInvokeSpecial(java.lang.Object, java.lang.Object, java.lang.Object, java.lang.Object, java.lang.Object, java.lang.Object, java.lang.Object)'> (0x000000008938afd8) 
thrown [s\src\hotspot\share\interpreter\linkResolver.cpp, line 771]
Event: 6.445 Thread 0x0000027629c4de30 Exception <a 'java/lang/NoSuchMethodError'{0x000000008938fb90}: 'java.lang.Object java.lang.invoke.Invokers$Holder.linkToTargetMethod(java.lang.Object, java.lang.Object, java.lang.Object, java.lang.Object, java.lang.Object, java.lang.Object, java.lang.Object)'> (0x000000008938fb90) 
thrown [s\src\hotspot\share\interpreter\linkResolver.cpp, line 771]
Event: 6.945 Thread 0x0000027629c4de30 Exception <a 'java/lang/NoSuchMethodError'{0x00000000888a2758}: 'java.lang.Object java.lang.invoke.DirectMethodHandle$Holder.invokeInterface(java.lang.Object, java.lang.Object, java.lang.Object)'> (0x00000000888a2758) 
thrown [s\src\hotspot\share\interpreter\linkResolver.cpp, line 771]
Event: 6.946 Thread 0x0000027629c4de30 Exception <a 'java/lang/IncompatibleClassChangeError'{0x00000000888a60c8}: Found class java.lang.Object, but interface was expected> (0x00000000888a60c8) 
thrown [s\src\hotspot\share\interpreter\linkResolver.cpp, line 838]
Event: 9.057 Thread 0x0000027629c4de30 Implicit null exception at 0x000002763673402c to 0x00000276367340fc
Event: 9.179 Thread 0x0000027629c4de30 Exception <a 'java/lang/NoSuchMethodError'{0x000000008a7c36f0}: 'int java.lang.invoke.DirectMethodHandle$Holder.invokeStaticInit(java.lang.Object, int)'> (0x000000008a7c36f0) 
thrown [s\src\hotspot\share\interpreter\linkResolver.cpp, line 771]
Event: 9.267 Thread 0x0000027629c4de30 Implicit null exception at 0x000002763646af0c to 0x000002763646b1a4
Event: 9.663 Thread 0x0000027629c4de30 Implicit null exception at 0x0000027636433de0 to 0x0000027636433e7a
Event: 9.727 Thread 0x0000027629c4de30 Exception <a 'java/lang/NoSuchMethodError'{0x0000000089230288}: 'java.lang.Object java.lang.invoke.DirectMethodHandle$Holder.newInvokeSpecial(java.lang.Object, java.lang.Object, java.lang.Object, int, int)'> (0x0000000089230288) 
thrown [s\src\hotspot\share\interpreter\linkResolver.cpp, line 771]
Event: 9.729 Thread 0x0000027629c4de30 Exception <a 'java/lang/NoSuchMethodError'{0x00000000892340c8}: 'java.lang.Object java.lang.invoke.DirectMethodHandle$Holder.invokeSpecial(java.lang.Object, java.lang.Object, java.lang.Object, java.lang.Object, int, int)'> (0x00000000892340c8) 
thrown [s\src\hotspot\share\interpreter\linkResolver.cpp, line 771]
Event: 9.796 Thread 0x0000027629c4de30 Exception <a 'java/lang/NoSuchMethodError'{0x000000008902c968}: 'java.lang.Object java.lang.invoke.DirectMethodHandle$Holder.invokeSpecial(java.lang.Object, java.lang.Object, int, int, java.lang.Object, java.lang.Object, java.lang.Object, java.lang.Object, java.lang.Object)'> (0x000000008902c968) 
thrown [s\src\hotspot\share\interpreter\linkResolver.cpp, line 771]
Event: 10.484 Thread 0x0000027629c4de30 Implicit null exception at 0x0000027636439216 to 0x00000276364394dc
Event: 12.795 Thread 0x0000027629c4de30 Exception <a 'java/lang/NoSuchMethodError'{0x000000008b08bc28}: 'java.lang.Object java.lang.invoke.DirectMethodHandle$Holder.invokeStatic(java.lang.Object, int, java.lang.Object)'> (0x000000008b08bc28) 
thrown [s\src\hotspot\share\interpreter\linkResolver.cpp, line 771]

VM Operations (20 events):
Event: 12.383 Executing VM operation: HandshakeAllThreads
Event: 12.383 Executing VM operation: HandshakeAllThreads done
Event: 12.383 Executing VM operation: HandshakeAllThreads
Event: 12.383 Executing VM operation: HandshakeAllThreads done
Event: 12.411 Executing VM operation: HandshakeAllThreads
Event: 12.411 Executing VM operation: HandshakeAllThreads done
Event: 12.441 Executing VM operation: HandshakeAllThreads
Event: 12.442 Executing VM operation: HandshakeAllThreads done
Event: 12.530 Executing VM operation: ICBufferFull
Event: 12.530 Executing VM operation: ICBufferFull done
Event: 12.537 Executing VM operation: HandshakeAllThreads
Event: 12.537 Executing VM operation: HandshakeAllThreads done
Event: 12.580 Executing VM operation: G1CollectForAllocation
Event: 12.591 Executing VM operation: G1CollectForAllocation done
Event: 12.627 Executing VM operation: HandshakeAllThreads
Event: 12.628 Executing VM operation: HandshakeAllThreads done
Event: 12.789 Executing VM operation: ICBufferFull
Event: 12.789 Executing VM operation: ICBufferFull done
Event: 12.797 Executing VM operation: HandshakeAllThreads
Event: 12.797 Executing VM operation: HandshakeAllThreads done

Events (20 events):
Event: 12.462 Thread 0x0000027645252ef0 flushing nmethod 0x000002763002f390
Event: 12.462 Thread 0x0000027645252ef0 flushing nmethod 0x0000027630035090
Event: 12.462 Thread 0x0000027645252ef0 flushing nmethod 0x0000027630042690
Event: 12.462 Thread 0x0000027645252ef0 flushing nmethod 0x0000027630044590
Event: 12.462 Thread 0x0000027645252ef0 flushing nmethod 0x0000027630046e90
Event: 12.462 Thread 0x0000027645252ef0 flushing nmethod 0x0000027630047d10
Event: 12.462 Thread 0x0000027645252ef0 flushing nmethod 0x0000027630048110
Event: 12.462 Thread 0x0000027645252ef0 flushing nmethod 0x000002763004fa90
Event: 12.462 Thread 0x0000027645252ef0 flushing nmethod 0x0000027630050e90
Event: 12.462 Thread 0x0000027645252ef0 flushing nmethod 0x000002763005ed90
Event: 12.462 Thread 0x0000027645252ef0 flushing nmethod 0x000002763007f190
Event: 12.462 Thread 0x0000027645252ef0 flushing nmethod 0x0000027630081790
Event: 12.463 Thread 0x0000027645252ef0 flushing nmethod 0x00000276300e0310
Event: 12.463 Thread 0x0000027645252ef0 flushing nmethod 0x00000276300f7110
Event: 12.463 Thread 0x0000027645252ef0 flushing nmethod 0x000002763014ab10
Event: 12.463 Thread 0x0000027645252ef0 flushing nmethod 0x000002763014c210
Event: 12.463 Thread 0x0000027645252ef0 flushing nmethod 0x000002763014d610
Event: 12.463 Thread 0x0000027645252ef0 flushing nmethod 0x0000027630152490
Event: 12.463 Thread 0x0000027645252ef0 flushing nmethod 0x0000027630162190
Event: 12.463 Thread 0x0000027645252ef0 flushing nmethod 0x00000276301f6110


Dynamic libraries:
0x00007ff702220000 - 0x00007ff70222a000 	C:\Program Files\Android\Android Studio\jbr\bin\java.exe
0x00007ff995690000 - 0x00007ff995888000 	C:\Windows\SYSTEM32\ntdll.dll
0x00007ff994820000 - 0x00007ff9948e1000 	C:\Windows\System32\KERNEL32.DLL
0x00007ff992ed0000 - 0x00007ff9931cd000 	C:\Windows\System32\KERNELBASE.dll
0x00007ff9933f0000 - 0x00007ff9934f0000 	C:\Windows\System32\ucrtbase.dll
0x00007ff962900000 - 0x00007ff96291b000 	C:\Program Files\Android\Android Studio\jbr\bin\VCRUNTIME140.dll
0x00007ff971940000 - 0x00007ff971957000 	C:\Program Files\Android\Android Studio\jbr\bin\jli.dll
0x00007ff994fa0000 - 0x00007ff99513d000 	C:\Windows\System32\USER32.dll
0x00007ff97cdf0000 - 0x00007ff97d08a000 	C:\Windows\WinSxS\amd64_microsoft.windows.common-controls_6595b64144ccf1df_6.0.19041.4355_none_60b8b9eb71f62e16\COMCTL32.dll
0x00007ff993690000 - 0x00007ff9936b2000 	C:\Windows\System32\win32u.dll
0x00007ff993740000 - 0x00007ff9937de000 	C:\Windows\System32\msvcrt.dll
0x00007ff994470000 - 0x00007ff99449b000 	C:\Windows\System32\GDI32.dll
0x00007ff993240000 - 0x00007ff993357000 	C:\Windows\System32\gdi32full.dll
0x00007ff9934f0000 - 0x00007ff99358d000 	C:\Windows\System32\msvcp_win.dll
0x00007ff995620000 - 0x00007ff99564f000 	C:\Windows\System32\IMM32.DLL
0x00007ff9628f0000 - 0x00007ff9628fc000 	C:\Program Files\Android\Android Studio\jbr\bin\vcruntime140_1.dll
0x00007ff962860000 - 0x00007ff9628ed000 	C:\Program Files\Android\Android Studio\jbr\bin\msvcp140.dll
0x00007ff94cb40000 - 0x00007ff94d7c3000 	C:\Program Files\Android\Android Studio\jbr\bin\server\jvm.dll
0x00007ff993f50000 - 0x00007ff994000000 	C:\Windows\System32\ADVAPI32.dll
0x00007ff994d80000 - 0x00007ff994e20000 	C:\Windows\System32\sechost.dll
0x00007ff9953c0000 - 0x00007ff9954e3000 	C:\Windows\System32\RPCRT4.dll
0x00007ff992ea0000 - 0x00007ff992ec7000 	C:\Windows\System32\bcrypt.dll
0x00007ff992280000 - 0x00007ff9922cb000 	C:\Windows\SYSTEM32\POWRPROF.dll
0x00007ff983c70000 - 0x00007ff983c79000 	C:\Windows\SYSTEM32\WSOCK32.dll
0x00007ff995550000 - 0x00007ff9955bb000 	C:\Windows\System32\WS2_32.dll
0x00007ff98d670000 - 0x00007ff98d697000 	C:\Windows\SYSTEM32\WINMM.dll
0x00007ff97e570000 - 0x00007ff97e57a000 	C:\Windows\SYSTEM32\VERSION.dll
0x00007ff992140000 - 0x00007ff992152000 	C:\Windows\SYSTEM32\UMPDC.dll
0x00007ff990bc0000 - 0x00007ff990bd2000 	C:\Windows\SYSTEM32\kernel.appcore.dll
0x00007ff983790000 - 0x00007ff98379a000 	C:\Program Files\Android\Android Studio\jbr\bin\jimage.dll
0x00007ff988f10000 - 0x00007ff9890f4000 	C:\Windows\SYSTEM32\DBGHELP.DLL
0x00007ff988d90000 - 0x00007ff988dc4000 	C:\Windows\SYSTEM32\dbgcore.DLL
0x00007ff993360000 - 0x00007ff9933e2000 	C:\Windows\System32\bcryptPrimitives.dll
0x00007ff9781d0000 - 0x00007ff9781f5000 	C:\Program Files\Android\Android Studio\jbr\bin\java.dll
0x00007ff979650000 - 0x00007ff979668000 	C:\Program Files\Android\Android Studio\jbr\bin\zip.dll
0x00007ff9937e0000 - 0x00007ff993f4f000 	C:\Windows\System32\SHELL32.dll
0x00007ff990dc0000 - 0x00007ff991563000 	C:\Windows\SYSTEM32\windows.storage.dll
0x00007ff994a20000 - 0x00007ff994d73000 	C:\Windows\System32\combase.dll
0x00007ff992770000 - 0x00007ff99279e000 	C:\Windows\SYSTEM32\Wldp.dll
0x00007ff994e20000 - 0x00007ff994eed000 	C:\Windows\System32\OLEAUT32.dll
0x00007ff994ef0000 - 0x00007ff994f9d000 	C:\Windows\System32\SHCORE.dll
0x00007ff9954f0000 - 0x00007ff995545000 	C:\Windows\System32\shlwapi.dll
0x00007ff992c70000 - 0x00007ff992c94000 	C:\Windows\SYSTEM32\profapi.dll
0x00007ff975c60000 - 0x00007ff975c79000 	C:\Program Files\Android\Android Studio\jbr\bin\net.dll
0x00007ff9898c0000 - 0x00007ff9899cd000 	C:\Windows\SYSTEM32\WINHTTP.dll
0x00007ff9924d0000 - 0x00007ff99253a000 	C:\Windows\system32\mswsock.dll
0x00007ff974950000 - 0x00007ff974966000 	C:\Program Files\Android\Android Studio\jbr\bin\nio.dll
0x00007ff9750a0000 - 0x00007ff9750b0000 	C:\Program Files\Android\Android Studio\jbr\bin\verify.dll

dbghelp: loaded successfully - version: 4.0.5 - missing functions: none
symbol engine: initialized successfully - sym options: 0x614 - pdb path: .;C:\Program Files\Android\Android Studio\jbr\bin;C:\Windows\SYSTEM32;C:\Windows\WinSxS\amd64_microsoft.windows.common-controls_6595b64144ccf1df_6.0.19041.4355_none_60b8b9eb71f62e16;C:\Program Files\Android\Android Studio\jbr\bin\server

VM Arguments:
java_command: org.jetbrains.kotlin.cli.jvm.K2JVMCompiler @C:\Users\Administrator\AndroidStudioProjects\osis\app\build\20241006_1293522540929929623.compiler.options
java_class_path (initial): C:\Users\Administrator\.gradle\caches\modules-2\files-2.1\org.jetbrains.kotlin\kotlin-compiler-embeddable\1.9.0\2c8c3a7402becca891f12739b3e9fd2dc2adbd7a\kotlin-compiler-embeddable-1.9.0.jar;C:\Users\Administrator\.gradle\caches\modules-2\files-2.1\org.jetbrains.kotlin\kotlin-stdlib\1.9.0\8ee15ef0c67dc83d874f412d84378d7f0eb50b63\kotlin-stdlib-1.9.0.jar;C:\Users\Administrator\.gradle\caches\modules-2\files-2.1\org.jetbrains.kotlin\kotlin-script-runtime\1.9.0\4b3102cbbb7e1b58d9d1adf89563f00069ffa7d1\kotlin-script-runtime-1.9.0.jar;C:\Users\Administrator\.gradle\caches\modules-2\files-2.1\org.jetbrains.kotlin\kotlin-reflect\1.6.10\1cbe9c92c12a94eea200d23c2bbaedaf3daf5132\kotlin-reflect-1.6.10.jar;C:\Users\Administrator\.gradle\caches\modules-2\files-2.1\org.jetbrains.kotlin\kotlin-daemon-embeddable\1.9.0\186543f5e28cf8d9a0290fecc2cf34301c40a65c\kotlin-daemon-embeddable-1.9.0.jar;C:\Users\Administrator\.gradle\caches\modules-2\files-2.1\org.jetbrains.intellij.deps\trove4j\1.0.20200330\3afb14d5f9ceb459d724e907a21145e8ff394f02\trove4j-1.0.20200330.jar;C:\Users\Administrator\.gradle\caches\modules-2\files-2.1\org.jetbrains.kotlin\kotlin-stdlib-common\1.9.0\cd65c21cfd1eec4d44ef09f9f52b6d9f8a720636\kotlin-stdlib-common-1.9.0.jar;C:\Users\Administrator\.gradle\caches\modules-2\files-2.1\org.jetbrains\annotations\13.0\919f0dfe192fb4e063e7dacadee7f8bb9a2672a9\annotations-13.0.jar
Launcher Type: SUN_STANDARD

[Global flags]
     intx CICompilerCount                          = 3                                         {product} {ergonomic}
     uint ConcGCThreads                            = 1                                         {product} {ergonomic}
     uint G1ConcRefinementThreads                  = 4                                         {product} {ergonomic}
   size_t G1HeapRegionSize                         = 1048576                                   {product} {ergonomic}
    uintx GCDrainStackTargetSize                   = 64                                        {product} {ergonomic}
   size_t InitialHeapSize                          = 134217728                                 {product} {ergonomic}
   size_t MarkStackSize                            = 4194304                                   {product} {ergonomic}
   size_t MaxHeapSize                              = 2122317824                                {product} {ergonomic}
   size_t MaxNewSize                               = 1272971264                                {product} {ergonomic}
   size_t MinHeapDeltaBytes                        = 1048576                                   {product} {ergonomic}
   size_t MinHeapSize                              = 8388608                                   {product} {ergonomic}
    uintx NonNMethodCodeHeapSize                   = 5832780                                {pd product} {ergonomic}
    uintx NonProfiledCodeHeapSize                  = 122912730                              {pd product} {ergonomic}
    uintx ProfiledCodeHeapSize                     = 122912730                              {pd product} {ergonomic}
    uintx ReservedCodeCacheSize                    = 251658240                              {pd product} {ergonomic}
     bool SegmentedCodeCache                       = true                                      {product} {ergonomic}
   size_t SoftMaxHeapSize                          = 2122317824                             {manageable} {ergonomic}
     bool UseCompressedClassPointers               = true                           {product lp64_product} {ergonomic}
     bool UseCompressedOops                        = true                           {product lp64_product} {ergonomic}
     bool UseG1GC                                  = true                                      {product} {ergonomic}
     bool UseLargePagesIndividualAllocation        = false                                  {pd product} {ergonomic}

Logging:
Log output configuration:
 #0: stdout all=warning uptime,level,tags
 #1: stderr all=off uptime,level,tags

Environment Variables:
PATH=C:\Program Files\ImageMagick-7.1.1-Q16;C:\Windows\system32;C:\Windows;C:\Windows\System32\Wbem;C:\Windows\System32\WindowsPowerShell\v1.0\;C:\Windows\System32\OpenSSH\;C:\Program Files\Git\cmd;C:\ProgramData\ComposerSetup\bin;C:\Users\Administrator\Downloads\ngrok-v3-stable-windows-amd64.zip;C:\Users\Administrator\AppData\Local\Microsoft\WindowsApps;C:\Users\Administrator\AppData\Local\Programs\Microsoft VS Code\bin;C:\laragon\bin\php\php-8.1.10-Win32-vs16-x64;C:\Users\Administrator\AppData\Roaming\Composer\vendor\bin
USERNAME=Administrator
OS=Windows_NT
PROCESSOR_IDENTIFIER=Intel64 Family 6 Model 142 Stepping 9, GenuineIntel
TMP=C:\Users\ADMINI~1\AppData\Local\Temp
TEMP=C:\Users\ADMINI~1\AppData\Local\Temp



Periodic native trim disabled

JNI global refs:
JNI global refs: 10, weak refs: 16

JNI global refs memory usage: 843, weak refs: 841

Process memory usage:
Resident Set Size: 372600K (4% of 8282452K total physical memory with 830944K free physical memory)

OOME stack traces (most recent first):
Classloader memory used:
Loader jdk.internal.loader.ClassLoaders$AppClassLoader                                 : 9071K
Loader bootstrap                                                                       : 1350K
Loader jdk.internal.reflect.DelegatingClassLoader                                      : 13070B


---------------  S Y S T E M  ---------------

OS:
 Windows 10 , 64 bit Build 19041 (10.0.19041.4842)
OS uptime: 0 days 2:14 hours

CPU: total 4 (initial active 4) (2 cores per cpu, 2 threads per core) family 6 model 142 stepping 9 microcode 0xf4, cx8, cmov, fxsr, ht, mmx, 3dnowpref, sse, sse2, sse3, ssse3, sse4.1, sse4.2, popcnt, lzcnt, tsc, tscinvbit, avx, avx2, aes, erms, clmul, bmi1, bmi2, adx, fma, vzeroupper, clflush, clflushopt
Processor Information for all 4 processors :
  Max Mhz: 2712, Current Mhz: 2511, Mhz Limit: 2495

Memory: 4k page, system-wide physical 8088M (811M free)
TotalPageFile size 12088M (AvailPageFile size 6M)
current process WorkingSet (physical memory assigned to process): 363M, peak: 364M
current process commit charge ("private bytes"): 405M, peak: 408M

vm_info: OpenJDK 64-Bit Server VM (17.0.11+0--11852314) for windows-amd64 JRE (17.0.11+0--11852314), built on May 16 2024 21:29:20 by "androidbuild" with MS VC++ 16.10 / 16.11 (VS2019)

END.
